mode: set
github.com/elvisnm/wt/internal/docker/containers.go:16.98,18.16 2 0
github.com/elvisnm/wt/internal/docker/containers.go:18.16,20.3 1 0
github.com/elvisnm/wt/internal/docker/containers.go:21.2,22.18 2 0
github.com/elvisnm/wt/internal/docker/containers.go:22.18,24.3 1 0
github.com/elvisnm/wt/internal/docker/containers.go:25.2,26.16 2 0
github.com/elvisnm/wt/internal/docker/containers.go:26.16,28.3 1 0
github.com/elvisnm/wt/internal/docker/containers.go:30.2,37.31 5 0
github.com/elvisnm/wt/internal/docker/containers.go:37.31,39.17 2 0
github.com/elvisnm/wt/internal/docker/containers.go:39.17,41.4 1 0
github.com/elvisnm/wt/internal/docker/containers.go:42.3,43.54 2 0
github.com/elvisnm/wt/internal/docker/containers.go:43.54,45.4 1 0
github.com/elvisnm/wt/internal/docker/containers.go:48.2,48.27 1 0
github.com/elvisnm/wt/internal/docker/containers.go:48.27,50.37 2 0
github.com/elvisnm/wt/internal/docker/containers.go:50.37,51.12 1 0
github.com/elvisnm/wt/internal/docker/containers.go:54.3,55.19 2 0
github.com/elvisnm/wt/internal/docker/containers.go:55.19,57.4 1 0
github.com/elvisnm/wt/internal/docker/containers.go:58.3,58.33 1 0
github.com/elvisnm/wt/internal/docker/containers.go:58.33,60.4 1 0
github.com/elvisnm/wt/internal/docker/containers.go:61.3,61.33 1 0
github.com/elvisnm/wt/internal/docker/containers.go:61.33,63.4 1 0
github.com/elvisnm/wt/internal/docker/containers.go:66.3,66.77 1 0
github.com/elvisnm/wt/internal/docker/containers.go:66.77,68.33 2 0
github.com/elvisnm/wt/internal/docker/containers.go:68.33,69.45 1 0
github.com/elvisnm/wt/internal/docker/containers.go:69.45,71.11 2 0
github.com/elvisnm/wt/internal/docker/containers.go:76.3,76.19 1 0
github.com/elvisnm/wt/internal/docker/containers.go:76.19,82.12 6 0
github.com/elvisnm/wt/internal/docker/containers.go:85.3,86.57 2 0
github.com/elvisnm/wt/internal/docker/containers.go:86.57,88.4 1 0
github.com/elvisnm/wt/internal/docker/containers.go:90.3,95.10 5 0
github.com/elvisnm/wt/internal/docker/containers.go:96.44,97.25 1 0
github.com/elvisnm/wt/internal/docker/containers.go:98.45,99.26 1 0
github.com/elvisnm/wt/internal/docker/containers.go:100.11,101.18 1 0
github.com/elvisnm/wt/internal/docker/containers.go:106.2,106.27 1 0
github.com/elvisnm/wt/internal/docker/containers.go:106.27,108.52 2 0
github.com/elvisnm/wt/internal/docker/containers.go:108.52,109.12 1 0
github.com/elvisnm/wt/internal/docker/containers.go:112.3,113.17 2 0
github.com/elvisnm/wt/internal/docker/containers.go:113.17,114.12 1 0
github.com/elvisnm/wt/internal/docker/containers.go:117.3,118.90 2 0
github.com/elvisnm/wt/internal/docker/containers.go:118.90,119.12 1 0
github.com/elvisnm/wt/internal/docker/containers.go:122.3,123.41 2 0
github.com/elvisnm/wt/internal/docker/containers.go:123.41,124.59 1 0
github.com/elvisnm/wt/internal/docker/containers.go:124.59,125.46 1 0
github.com/elvisnm/wt/internal/docker/containers.go:125.46,126.63 1 0
github.com/elvisnm/wt/internal/docker/containers.go:126.63,127.49 1 0
github.com/elvisnm/wt/internal/docker/containers.go:127.49,129.8 1 0
github.com/elvisnm/wt/internal/docker/containers.go:132.5,132.55 1 0
github.com/elvisnm/wt/internal/docker/containers.go:132.55,135.6 2 0
github.com/elvisnm/wt/internal/docker/containers.go:140.2,140.18 1 0
github.com/elvisnm/wt/internal/docker/containers.go:143.46,144.22 1 1
github.com/elvisnm/wt/internal/docker/containers.go:144.22,146.3 1 1
github.com/elvisnm/wt/internal/docker/containers.go:147.2,148.16 2 1
github.com/elvisnm/wt/internal/docker/containers.go:148.16,150.3 1 1
github.com/elvisnm/wt/internal/docker/containers.go:151.2,152.14 2 1
github.com/elvisnm/wt/internal/docker/containers.go:152.14,154.3 1 1
github.com/elvisnm/wt/internal/docker/containers.go:156.2,157.15 2 1
github.com/elvisnm/wt/internal/docker/containers.go:157.15,159.3 1 1
github.com/elvisnm/wt/internal/docker/containers.go:160.2,161.16 2 1
github.com/elvisnm/wt/internal/docker/containers.go:161.16,163.3 1 1
github.com/elvisnm/wt/internal/docker/containers.go:164.2,165.47 2 1
github.com/elvisnm/wt/internal/docker/services.go:13.73,14.21 1 0
github.com/elvisnm/wt/internal/docker/services.go:14.21,16.3 1 0
github.com/elvisnm/wt/internal/docker/services.go:18.2,19.16 2 0
github.com/elvisnm/wt/internal/docker/services.go:19.16,21.3 1 0
github.com/elvisnm/wt/internal/docker/services.go:23.2,24.64 2 0
github.com/elvisnm/wt/internal/docker/services.go:24.64,26.3 1 0
github.com/elvisnm/wt/internal/docker/services.go:28.2,29.19 2 0
github.com/elvisnm/wt/internal/docker/services.go:29.19,31.3 1 0
github.com/elvisnm/wt/internal/docker/services.go:33.2,37.33 2 0
github.com/elvisnm/wt/internal/docker/services.go:37.33,39.17 2 0
github.com/elvisnm/wt/internal/docker/services.go:39.17,40.12 1 0
github.com/elvisnm/wt/internal/docker/services.go:43.3,44.57 2 0
github.com/elvisnm/wt/internal/docker/services.go:44.57,46.4 1 0
github.com/elvisnm/wt/internal/docker/services.go:48.3,53.41 2 0
github.com/elvisnm/wt/internal/docker/services.go:53.41,54.55 1 0
github.com/elvisnm/wt/internal/docker/services.go:54.55,56.57 2 0
github.com/elvisnm/wt/internal/docker/services.go:56.57,58.6 1 0
github.com/elvisnm/wt/internal/docker/services.go:62.3,62.41 1 0
github.com/elvisnm/wt/internal/docker/services.go:62.41,63.59 1 0
github.com/elvisnm/wt/internal/docker/services.go:63.59,64.49 1 0
github.com/elvisnm/wt/internal/docker/services.go:64.49,66.6 1 0
github.com/elvisnm/wt/internal/docker/services.go:67.5,67.46 1 0
github.com/elvisnm/wt/internal/docker/services.go:67.46,69.6 1 0
github.com/elvisnm/wt/internal/docker/services.go:73.3,73.35 1 0
github.com/elvisnm/wt/internal/docker/services.go:76.2,76.17 1 0
github.com/elvisnm/wt/internal/docker/stats.go:12.97,14.16 2 0
github.com/elvisnm/wt/internal/docker/stats.go:14.16,16.3 1 0
github.com/elvisnm/wt/internal/docker/stats.go:18.2,19.16 2 0
github.com/elvisnm/wt/internal/docker/stats.go:19.16,21.3 1 0
github.com/elvisnm/wt/internal/docker/stats.go:23.2,26.26 3 0
github.com/elvisnm/wt/internal/docker/stats.go:26.26,28.52 2 0
github.com/elvisnm/wt/internal/docker/stats.go:28.52,30.4 1 0
github.com/elvisnm/wt/internal/docker/stats.go:33.2,33.27 1 0
github.com/elvisnm/wt/internal/docker/stats.go:33.27,36.9 3 0
github.com/elvisnm/wt/internal/docker/stats.go:36.9,40.22 4 0
github.com/elvisnm/wt/internal/docker/stats.go:40.22,42.5 1 0
github.com/elvisnm/wt/internal/docker/stats.go:43.4,43.52 1 0
github.com/elvisnm/wt/internal/docker/stats.go:44.9,44.25 1 0
github.com/elvisnm/wt/internal/docker/stats.go:44.25,48.4 3 0
github.com/elvisnm/wt/internal/docker/stats.go:51.2,51.18 1 0
github.com/elvisnm/wt/internal/config/config.go:187.52,189.16 2 0
github.com/elvisnm/wt/internal/config/config.go:189.16,191.3 1 0
github.com/elvisnm/wt/internal/config/config.go:193.2,193.6 1 0
github.com/elvisnm/wt/internal/config/config.go:193.6,195.47 2 0
github.com/elvisnm/wt/internal/config/config.go:195.47,197.4 1 0
github.com/elvisnm/wt/internal/config/config.go:199.3,200.20 2 0
github.com/elvisnm/wt/internal/config/config.go:200.20,201.9 1 0
github.com/elvisnm/wt/internal/config/config.go:203.3,203.15 1 0
github.com/elvisnm/wt/internal/config/config.go:206.2,206.15 1 0
github.com/elvisnm/wt/internal/config/config.go:213.46,215.23 2 0
github.com/elvisnm/wt/internal/config/config.go:215.23,217.3 1 0
github.com/elvisnm/wt/internal/config/config.go:219.2,219.45 1 0
github.com/elvisnm/wt/internal/config/config.go:223.74,235.16 5 1
github.com/elvisnm/wt/internal/config/config.go:235.16,236.48 1 0
github.com/elvisnm/wt/internal/config/config.go:236.48,238.4 1 0
github.com/elvisnm/wt/internal/config/config.go:239.3,239.75 1 0
github.com/elvisnm/wt/internal/config/config.go:242.2,243.53 2 1
github.com/elvisnm/wt/internal/config/config.go:243.53,245.3 1 0
github.com/elvisnm/wt/internal/config/config.go:248.2,248.20 1 1
github.com/elvisnm/wt/internal/config/config.go:248.20,250.3 1 0
github.com/elvisnm/wt/internal/config/config.go:252.2,264.18 6 1
github.com/elvisnm/wt/internal/config/config.go:268.34,270.31 1 1
github.com/elvisnm/wt/internal/config/config.go:270.31,272.3 1 0
github.com/elvisnm/wt/internal/config/config.go:275.2,275.24 1 1
github.com/elvisnm/wt/internal/config/config.go:275.24,277.3 1 0
github.com/elvisnm/wt/internal/config/config.go:280.2,280.26 1 1
github.com/elvisnm/wt/internal/config/config.go:280.26,282.3 1 0
github.com/elvisnm/wt/internal/config/config.go:285.2,285.34 1 1
github.com/elvisnm/wt/internal/config/config.go:285.34,287.3 1 1
github.com/elvisnm/wt/internal/config/config.go:288.2,288.29 1 1
github.com/elvisnm/wt/internal/config/config.go:288.29,290.3 1 1
github.com/elvisnm/wt/internal/config/config.go:291.2,291.27 1 1
github.com/elvisnm/wt/internal/config/config.go:291.27,293.3 1 1
github.com/elvisnm/wt/internal/config/config.go:296.2,296.56 1 1
github.com/elvisnm/wt/internal/config/config.go:296.56,298.3 1 0
github.com/elvisnm/wt/internal/config/config.go:301.2,301.35 1 1
github.com/elvisnm/wt/internal/config/config.go:301.35,303.3 1 1
github.com/elvisnm/wt/internal/config/config.go:304.2,304.40 1 1
github.com/elvisnm/wt/internal/config/config.go:304.40,306.3 1 1
github.com/elvisnm/wt/internal/config/config.go:309.2,309.73 1 1
github.com/elvisnm/wt/internal/config/config.go:309.73,311.3 1 0
github.com/elvisnm/wt/internal/config/config.go:312.2,312.41 1 1
github.com/elvisnm/wt/internal/config/config.go:312.41,314.3 1 0
github.com/elvisnm/wt/internal/config/config.go:318.40,319.24 1 1
github.com/elvisnm/wt/internal/config/config.go:319.24,321.3 1 0
github.com/elvisnm/wt/internal/config/config.go:322.2,322.35 1 1
github.com/elvisnm/wt/internal/config/config.go:322.35,324.3 1 1
github.com/elvisnm/wt/internal/config/config.go:328.33,333.44 2 1
github.com/elvisnm/wt/internal/config/config.go:333.44,335.3 1 1
github.com/elvisnm/wt/internal/config/config.go:338.2,338.99 1 1
github.com/elvisnm/wt/internal/config/config.go:338.99,340.3 1 1
github.com/elvisnm/wt/internal/config/config.go:343.2,343.32 1 1
github.com/elvisnm/wt/internal/config/config.go:343.32,345.3 1 0
github.com/elvisnm/wt/internal/config/config.go:351.53,353.2 1 1
github.com/elvisnm/wt/internal/config/config.go:356.52,358.2 1 0
github.com/elvisnm/wt/internal/config/config.go:361.43,363.2 1 1
github.com/elvisnm/wt/internal/config/config.go:366.43,368.2 1 1
github.com/elvisnm/wt/internal/config/config.go:371.49,372.41 1 1
github.com/elvisnm/wt/internal/config/config.go:372.41,374.3 1 0
github.com/elvisnm/wt/internal/config/config.go:375.2,375.76 1 1
github.com/elvisnm/wt/internal/config/config.go:379.46,380.48 1 1
github.com/elvisnm/wt/internal/config/config.go:380.48,382.3 1 0
github.com/elvisnm/wt/internal/config/config.go:383.2,383.40 1 1
github.com/elvisnm/wt/internal/config/config.go:383.40,384.93 1 1
github.com/elvisnm/wt/internal/config/config.go:384.93,386.4 1 1
github.com/elvisnm/wt/internal/config/config.go:387.3,387.13 1 1
github.com/elvisnm/wt/internal/config/config.go:389.2,389.39 1 1
github.com/elvisnm/wt/internal/config/config.go:394.56,395.16 1 1
github.com/elvisnm/wt/internal/config/config.go:395.16,397.3 1 0
github.com/elvisnm/wt/internal/config/config.go:398.2,398.16 1 1
github.com/elvisnm/wt/internal/config/config.go:398.16,400.3 1 0
github.com/elvisnm/wt/internal/config/config.go:401.2,402.9 2 1
github.com/elvisnm/wt/internal/config/config.go:402.9,404.3 1 0
github.com/elvisnm/wt/internal/config/config.go:405.2,405.17 1 1
github.com/elvisnm/wt/internal/config/config.go:409.36,410.30 1 0
github.com/elvisnm/wt/internal/config/config.go:410.30,412.3 1 0
github.com/elvisnm/wt/internal/config/config.go:413.2,414.9 2 0
github.com/elvisnm/wt/internal/config/config.go:414.9,416.3 1 0
github.com/elvisnm/wt/internal/config/config.go:417.2,417.13 1 0
github.com/elvisnm/wt/internal/config/config.go:421.58,423.43 2 1
github.com/elvisnm/wt/internal/config/config.go:423.43,425.3 1 1
github.com/elvisnm/wt/internal/config/config.go:426.2,426.15 1 1
github.com/elvisnm/wt/internal/config/config.go:430.51,431.14 1 1
github.com/elvisnm/wt/internal/config/config.go:432.19,433.30 1 1
github.com/elvisnm/wt/internal/config/config.go:434.13,435.24 1 0
github.com/elvisnm/wt/internal/config/config.go:436.15,437.34 1 1
github.com/elvisnm/wt/internal/config/config.go:438.24,439.35 1 0
github.com/elvisnm/wt/internal/config/config.go:440.18,441.29 1 0
github.com/elvisnm/wt/internal/config/config.go:442.15,443.26 1 0
github.com/elvisnm/wt/internal/config/config.go:444.19,445.30 1 0
github.com/elvisnm/wt/internal/config/config.go:446.21,447.32 1 0
github.com/elvisnm/wt/internal/config/config.go:448.10,449.15 1 0
github.com/elvisnm/wt/internal/config/config.go:454.44,455.34 1 1
github.com/elvisnm/wt/internal/config/config.go:455.34,457.3 1 1
github.com/elvisnm/wt/internal/config/config.go:458.2,458.11 1 0
github.com/elvisnm/wt/internal/config/config.go:462.49,463.42 1 1
github.com/elvisnm/wt/internal/config/config.go:463.42,465.3 1 1
github.com/elvisnm/wt/internal/config/config.go:466.2,466.11 1 0
github.com/elvisnm/wt/internal/config/config.go:470.42,472.2 1 0
github.com/elvisnm/wt/internal/config/config.go:476.48,477.75 1 0
github.com/elvisnm/wt/internal/config/config.go:477.75,479.3 1 0
github.com/elvisnm/wt/internal/config/config.go:480.2,480.32 1 0
github.com/elvisnm/wt/internal/config/config.go:485.51,486.25 1 1
github.com/elvisnm/wt/internal/config/config.go:486.25,488.3 1 1
github.com/elvisnm/wt/internal/config/config.go:489.2,489.33 1 1
github.com/elvisnm/wt/internal/config/config.go:492.36,493.32 1 1
github.com/elvisnm/wt/internal/config/config.go:493.32,495.17 2 0
github.com/elvisnm/wt/internal/config/config.go:495.17,497.4 1 0
github.com/elvisnm/wt/internal/config/config.go:498.3,498.36 1 0
github.com/elvisnm/wt/internal/config/config.go:500.2,500.10 1 1
github.com/elvisnm/wt/internal/pm2/pm2.go:13.55,14.19 1 1
github.com/elvisnm/wt/internal/pm2/pm2.go:14.19,16.3 1 1
github.com/elvisnm/wt/internal/pm2/pm2.go:18.2,19.18 2 0
github.com/elvisnm/wt/internal/pm2/pm2.go:19.18,21.3 1 0
github.com/elvisnm/wt/internal/pm2/pm2.go:23.2,27.29 2 0
github.com/elvisnm/wt/internal/pm2/pm2.go:27.29,29.17 2 0
github.com/elvisnm/wt/internal/pm2/pm2.go:29.17,30.12 1 0
github.com/elvisnm/wt/internal/pm2/pm2.go:33.3,35.14 3 0
github.com/elvisnm/wt/internal/pm2/pm2.go:35.14,37.4 1 0
github.com/elvisnm/wt/internal/pm2/pm2.go:39.3,39.42 1 0
github.com/elvisnm/wt/internal/pm2/pm2.go:39.42,40.12 1 0
github.com/elvisnm/wt/internal/pm2/pm2.go:43.3,48.14 2 0
github.com/elvisnm/wt/internal/pm2/pm2.go:48.14,50.60 2 0
github.com/elvisnm/wt/internal/pm2/pm2.go:50.60,52.5 1 0
github.com/elvisnm/wt/internal/pm2/pm2.go:55.3,55.41 1 0
github.com/elvisnm/wt/internal/pm2/pm2.go:55.41,56.59 1 0
github.com/elvisnm/wt/internal/pm2/pm2.go:56.59,57.49 1 0
github.com/elvisnm/wt/internal/pm2/pm2.go:57.49,59.6 1 0
github.com/elvisnm/wt/internal/pm2/pm2.go:60.5,60.46 1 0
github.com/elvisnm/wt/internal/pm2/pm2.go:60.46,62.6 1 0
github.com/elvisnm/wt/internal/pm2/pm2.go:66.3,66.35 1 0
github.com/elvisnm/wt/internal/pm2/pm2.go:69.2,69.24 1 0
github.com/elvisnm/wt/internal/pm2/pm2.go:69.24,71.3 1 0
github.com/elvisnm/wt/internal/pm2/pm2.go:73.2,73.17 1 0
github.com/elvisnm/wt/internal/pm2/pm2.go:78.72,79.24 1 1
github.com/elvisnm/wt/internal/pm2/pm2.go:79.24,81.3 1 1
github.com/elvisnm/wt/internal/pm2/pm2.go:83.2,84.18 2 0
github.com/elvisnm/wt/internal/pm2/pm2.go:84.18,86.3 1 0
github.com/elvisnm/wt/internal/pm2/pm2.go:88.2,90.29 2 0
github.com/elvisnm/wt/internal/pm2/pm2.go:90.29,92.15 2 0
github.com/elvisnm/wt/internal/pm2/pm2.go:92.15,93.12 1 0
github.com/elvisnm/wt/internal/pm2/pm2.go:96.3,97.25 2 0
github.com/elvisnm/wt/internal/pm2/pm2.go:97.25,98.12 1 0
github.com/elvisnm/wt/internal/pm2/pm2.go:101.3,102.19 2 0
github.com/elvisnm/wt/internal/pm2/pm2.go:102.19,103.12 1 0
github.com/elvisnm/wt/internal/pm2/pm2.go:106.3,106.36 1 0
github.com/elvisnm/wt/internal/pm2/pm2.go:106.36,107.39 1 0
github.com/elvisnm/wt/internal/pm2/pm2.go:107.39,109.10 2 0
github.com/elvisnm/wt/internal/pm2/pm2.go:114.2,114.15 1 0
github.com/elvisnm/wt/internal/pm2/pm2.go:117.45,119.16 2 0
github.com/elvisnm/wt/internal/pm2/pm2.go:119.16,121.3 1 0
github.com/elvisnm/wt/internal/pm2/pm2.go:123.2,124.60 2 0
github.com/elvisnm/wt/internal/pm2/pm2.go:124.60,126.3 1 0
github.com/elvisnm/wt/internal/pm2/pm2.go:128.2,128.14 1 0
github.com/elvisnm/wt/internal/pm2/pm2.go:131.74,132.40 1 1
github.com/elvisnm/wt/internal/pm2/pm2.go:132.40,133.54 1 1
github.com/elvisnm/wt/internal/pm2/pm2.go:133.54,135.4 1 1
github.com/elvisnm/wt/internal/pm2/pm2.go:137.2,137.19 1 1
github.com/elvisnm/wt/internal/ui/details_panel.go:47.128,52.15 4 0
github.com/elvisnm/wt/internal/ui/details_panel.go:52.15,55.3 2 0
github.com/elvisnm/wt/internal/ui/details_panel.go:57.2,62.28 4 0
github.com/elvisnm/wt/internal/ui/details_panel.go:62.28,64.3 1 0
github.com/elvisnm/wt/internal/ui/details_panel.go:65.2,65.16 1 0
github.com/elvisnm/wt/internal/ui/details_panel.go:65.16,67.3 1 0
github.com/elvisnm/wt/internal/ui/details_panel.go:69.2,70.17 2 0
github.com/elvisnm/wt/internal/ui/details_panel.go:70.17,72.3 1 0
github.com/elvisnm/wt/internal/ui/details_panel.go:73.2,78.36 5 0
github.com/elvisnm/wt/internal/ui/details_panel.go:82.69,83.15 1 0
github.com/elvisnm/wt/internal/ui/details_panel.go:83.15,85.3 1 0
github.com/elvisnm/wt/internal/ui/details_panel.go:86.2,86.49 1 0
github.com/elvisnm/wt/internal/ui/details_panel.go:89.102,97.41 5 0
github.com/elvisnm/wt/internal/ui/details_panel.go:97.41,106.3 7 0
github.com/elvisnm/wt/internal/ui/details_panel.go:108.2,108.36 1 0
github.com/elvisnm/wt/internal/ui/details_panel.go:108.36,111.17 3 0
github.com/elvisnm/wt/internal/ui/details_panel.go:111.17,113.25 2 0
github.com/elvisnm/wt/internal/ui/details_panel.go:113.25,115.5 1 0
github.com/elvisnm/wt/internal/ui/details_panel.go:116.4,117.31 2 0
github.com/elvisnm/wt/internal/ui/details_panel.go:117.31,119.5 1 0
github.com/elvisnm/wt/internal/ui/details_panel.go:121.3,124.20 2 0
github.com/elvisnm/wt/internal/ui/details_panel.go:124.20,126.4 1 0
github.com/elvisnm/wt/internal/ui/details_panel.go:127.3,127.19 1 0
github.com/elvisnm/wt/internal/ui/details_panel.go:127.19,133.4 2 0
github.com/elvisnm/wt/internal/ui/details_panel.go:134.3,134.22 1 0
github.com/elvisnm/wt/internal/ui/details_panel.go:134.22,136.4 1 0
github.com/elvisnm/wt/internal/ui/details_panel.go:137.3,137.22 1 0
github.com/elvisnm/wt/internal/ui/details_panel.go:137.22,139.4 1 0
github.com/elvisnm/wt/internal/ui/details_panel.go:140.3,140.17 1 0
github.com/elvisnm/wt/internal/ui/details_panel.go:140.17,143.23 3 0
github.com/elvisnm/wt/internal/ui/details_panel.go:143.23,145.5 1 0
github.com/elvisnm/wt/internal/ui/details_panel.go:147.3,147.25 1 0
github.com/elvisnm/wt/internal/ui/details_panel.go:147.25,149.4 1 0
github.com/elvisnm/wt/internal/ui/details_panel.go:152.3,160.54 7 0
github.com/elvisnm/wt/internal/ui/details_panel.go:161.8,161.42 1 0
github.com/elvisnm/wt/internal/ui/details_panel.go:161.42,162.17 1 0
github.com/elvisnm/wt/internal/ui/details_panel.go:162.17,164.51 2 0
github.com/elvisnm/wt/internal/ui/details_panel.go:164.51,166.5 1 0
github.com/elvisnm/wt/internal/ui/details_panel.go:167.4,168.81 1 0
github.com/elvisnm/wt/internal/ui/details_panel.go:169.9,172.4 1 0
github.com/elvisnm/wt/internal/ui/details_panel.go:175.2,178.14 3 0
github.com/elvisnm/wt/internal/ui/details_panel.go:183.116,186.52 2 0
github.com/elvisnm/wt/internal/ui/details_panel.go:186.52,187.46 1 0
github.com/elvisnm/wt/internal/ui/details_panel.go:187.46,189.11 2 0
github.com/elvisnm/wt/internal/ui/details_panel.go:189.11,190.13 1 0
github.com/elvisnm/wt/internal/ui/details_panel.go:192.4,195.72 3 0
github.com/elvisnm/wt/internal/ui/details_panel.go:195.72,197.5 1 0
github.com/elvisnm/wt/internal/ui/details_panel.go:198.4,198.81 1 0
github.com/elvisnm/wt/internal/ui/details_panel.go:200.8,202.22 1 0
github.com/elvisnm/wt/internal/ui/details_panel.go:202.22,204.4 1 0
github.com/elvisnm/wt/internal/ui/details_panel.go:204.9,206.4 1 0
github.com/elvisnm/wt/internal/ui/details_panel.go:207.3,208.127 2 0
github.com/elvisnm/wt/internal/ui/details_panel.go:211.2,211.14 1 0
github.com/elvisnm/wt/internal/ui/details_panel.go:216.75,220.47 3 0
github.com/elvisnm/wt/internal/ui/details_panel.go:220.47,223.20 2 0
github.com/elvisnm/wt/internal/ui/details_panel.go:223.20,225.24 2 0
github.com/elvisnm/wt/internal/ui/details_panel.go:225.24,227.33 2 0
github.com/elvisnm/wt/internal/ui/details_panel.go:227.33,229.6 1 0
github.com/elvisnm/wt/internal/ui/details_panel.go:234.3,239.46 3 0
github.com/elvisnm/wt/internal/ui/details_panel.go:239.46,241.4 1 0
github.com/elvisnm/wt/internal/ui/details_panel.go:242.3,242.43 1 0
github.com/elvisnm/wt/internal/ui/details_panel.go:242.43,244.4 1 0
github.com/elvisnm/wt/internal/ui/details_panel.go:246.3,247.29 2 0
github.com/elvisnm/wt/internal/ui/details_panel.go:247.29,249.54 1 0
github.com/elvisnm/wt/internal/ui/details_panel.go:249.54,250.13 1 0
github.com/elvisnm/wt/internal/ui/details_panel.go:252.4,257.31 3 0
github.com/elvisnm/wt/internal/ui/details_panel.go:259.3,259.15 1 0
github.com/elvisnm/wt/internal/ui/details_panel.go:263.2,264.40 2 0
github.com/elvisnm/wt/internal/ui/details_panel.go:264.40,265.57 1 0
github.com/elvisnm/wt/internal/ui/details_panel.go:265.57,266.12 1 0
github.com/elvisnm/wt/internal/ui/details_panel.go:268.3,273.30 3 0
github.com/elvisnm/wt/internal/ui/details_panel.go:275.2,275.14 1 0
github.com/elvisnm/wt/internal/ui/details_panel.go:278.57,283.34 2 0
github.com/elvisnm/wt/internal/ui/details_panel.go:283.34,285.3 1 0
github.com/elvisnm/wt/internal/ui/details_panel.go:286.2,286.13 1 0
github.com/elvisnm/wt/internal/ui/help_overlay.go:15.35,79.2 1 0
github.com/elvisnm/wt/internal/ui/help_overlay.go:82.47,100.31 6 0
github.com/elvisnm/wt/internal/ui/help_overlay.go:100.31,101.13 1 0
github.com/elvisnm/wt/internal/ui/help_overlay.go:101.13,103.4 1 0
github.com/elvisnm/wt/internal/ui/help_overlay.go:103.9,105.4 1 0
github.com/elvisnm/wt/internal/ui/help_overlay.go:106.3,106.34 1 0
github.com/elvisnm/wt/internal/ui/help_overlay.go:106.34,112.4 2 0
github.com/elvisnm/wt/internal/ui/help_overlay.go:115.2,118.25 3 0
github.com/elvisnm/wt/internal/ui/help_overlay.go:118.25,120.3 1 0
github.com/elvisnm/wt/internal/ui/help_overlay.go:121.2,122.25 2 0
github.com/elvisnm/wt/internal/ui/help_overlay.go:122.25,124.3 1 0
github.com/elvisnm/wt/internal/ui/help_overlay.go:126.2,139.36 4 0
github.com/elvisnm/wt/internal/ui/layout.go:22.41,28.18 5 1
github.com/elvisnm/wt/internal/ui/layout.go:28.18,30.3 1 1
github.com/elvisnm/wt/internal/ui/layout.go:33.2,34.22 2 1
github.com/elvisnm/wt/internal/ui/layout.go:34.22,36.3 1 1
github.com/elvisnm/wt/internal/ui/layout.go:37.2,41.10 4 1
github.com/elvisnm/wt/internal/ui/layout.go:58.65,60.13 2 1
github.com/elvisnm/wt/internal/ui/layout.go:60.13,62.3 1 1
github.com/elvisnm/wt/internal/ui/layout.go:64.2,70.13 2 1
github.com/elvisnm/wt/internal/ui/layout.go:70.13,72.3 1 1
github.com/elvisnm/wt/internal/ui/layout.go:74.2,74.10 1 1
github.com/elvisnm/wt/internal/ui/layout.go:79.62,80.24 1 1
github.com/elvisnm/wt/internal/ui/layout.go:80.24,82.3 1 1
github.com/elvisnm/wt/internal/ui/layout.go:83.2,84.25 2 1
github.com/elvisnm/wt/internal/ui/layout.go:84.25,86.3 1 1
github.com/elvisnm/wt/internal/ui/layout.go:87.2,88.17 2 1
github.com/elvisnm/wt/internal/ui/layout.go:88.17,91.3 2 0
github.com/elvisnm/wt/internal/ui/layout.go:92.2,92.15 1 1
github.com/elvisnm/wt/internal/ui/layout.go:92.15,94.3 1 0
github.com/elvisnm/wt/internal/ui/layout.go:95.2,95.19 1 1
github.com/elvisnm/wt/internal/ui/layout.go:102.89,104.38 2 1
github.com/elvisnm/wt/internal/ui/layout.go:104.38,106.3 1 1
github.com/elvisnm/wt/internal/ui/layout.go:109.2,110.17 2 1
github.com/elvisnm/wt/internal/ui/layout.go:110.17,112.3 1 1
github.com/elvisnm/wt/internal/ui/layout.go:113.2,114.25 2 1
github.com/elvisnm/wt/internal/ui/layout.go:114.25,116.3 1 0
github.com/elvisnm/wt/internal/ui/layout.go:117.2,117.16 1 1
github.com/elvisnm/wt/internal/ui/layout.go:117.16,119.3 1 0
github.com/elvisnm/wt/internal/ui/layout.go:120.2,121.20 2 1
github.com/elvisnm/wt/internal/ui/layout.go:121.20,123.3 1 1
github.com/elvisnm/wt/internal/ui/layout.go:126.2,127.13 2 1
github.com/elvisnm/wt/internal/ui/layout.go:127.13,129.3 1 0
github.com/elvisnm/wt/internal/ui/layout.go:130.2,134.55 3 1
github.com/elvisnm/wt/internal/ui/layout.go:134.55,138.46 3 1
github.com/elvisnm/wt/internal/ui/layout.go:138.46,140.4 1 1
github.com/elvisnm/wt/internal/ui/layout.go:140.9,142.4 1 1
github.com/elvisnm/wt/internal/ui/layout.go:146.3,147.23 2 1
github.com/elvisnm/wt/internal/ui/layout.go:147.23,149.4 1 1
github.com/elvisnm/wt/internal/ui/layout.go:152.2,152.34 1 1
github.com/elvisnm/wt/internal/ui/layout.go:155.46,156.13 1 1
github.com/elvisnm/wt/internal/ui/layout.go:156.13,160.3 1 1
github.com/elvisnm/wt/internal/ui/layout.go:161.2,162.27 1 1
github.com/elvisnm/wt/internal/ui/overlay.go:10.63,14.29 3 0
github.com/elvisnm/wt/internal/ui/overlay.go:14.29,16.3 1 0
github.com/elvisnm/wt/internal/ui/overlay.go:18.2,20.29 3 0
github.com/elvisnm/wt/internal/ui/overlay.go:20.29,21.39 1 0
github.com/elvisnm/wt/internal/ui/overlay.go:21.39,23.4 1 0
github.com/elvisnm/wt/internal/ui/overlay.go:26.2,28.17 3 0
github.com/elvisnm/wt/internal/ui/overlay.go:28.17,30.3 1 0
github.com/elvisnm/wt/internal/ui/overlay.go:31.2,31.17 1 0
github.com/elvisnm/wt/internal/ui/overlay.go:31.17,33.3 1 0
github.com/elvisnm/wt/internal/ui/overlay.go:35.2,35.35 1 0
github.com/elvisnm/wt/internal/ui/overlay.go:35.35,37.34 2 0
github.com/elvisnm/wt/internal/ui/overlay.go:37.34,39.4 1 0
github.com/elvisnm/wt/internal/ui/overlay.go:42.2,42.37 1 0
github.com/elvisnm/wt/internal/ui/overlay.go:46.61,50.18 3 0
github.com/elvisnm/wt/internal/ui/overlay.go:50.18,52.3 1 0
github.com/elvisnm/wt/internal/ui/overlay.go:53.2,53.21 1 0
github.com/elvisnm/wt/internal/ui/overlay.go:53.21,55.3 1 0
github.com/elvisnm/wt/internal/ui/overlay.go:57.2,57.70 1 0
github.com/elvisnm/wt/internal/ui/overlay.go:61.66,79.22 9 0
github.com/elvisnm/wt/internal/ui/overlay.go:79.22,81.3 1 0
github.com/elvisnm/wt/internal/ui/overlay.go:82.2,83.16 2 0
github.com/elvisnm/wt/internal/ui/overlay.go:83.16,85.3 1 0
github.com/elvisnm/wt/internal/ui/overlay.go:86.2,86.21 1 0
github.com/elvisnm/wt/internal/ui/overlay.go:86.21,88.3 1 0
github.com/elvisnm/wt/internal/ui/overlay.go:90.2,97.28 2 0
github.com/elvisnm/wt/internal/ui/picker.go:105.63,106.16 1 1
github.com/elvisnm/wt/internal/ui/picker.go:106.16,108.3 1 1
github.com/elvisnm/wt/internal/ui/picker.go:109.2,110.36 2 0
github.com/elvisnm/wt/internal/ui/picker.go:110.36,111.16 1 0
github.com/elvisnm/wt/internal/ui/picker.go:112.12,113.39 1 0
github.com/elvisnm/wt/internal/ui/picker.go:113.39,115.5 1 0
github.com/elvisnm/wt/internal/ui/picker.go:116.11,117.32 1 0
github.com/elvisnm/wt/internal/ui/picker.go:120.2,120.16 1 0
github.com/elvisnm/wt/internal/ui/picker.go:125.66,126.16 1 1
github.com/elvisnm/wt/internal/ui/picker.go:126.16,128.3 1 1
github.com/elvisnm/wt/internal/ui/picker.go:129.2,130.39 2 0
github.com/elvisnm/wt/internal/ui/picker.go:130.39,131.16 1 0
github.com/elvisnm/wt/internal/ui/picker.go:132.12,133.35 1 0
github.com/elvisnm/wt/internal/ui/picker.go:133.35,135.5 1 0
github.com/elvisnm/wt/internal/ui/picker.go:136.12,137.38 1 0
github.com/elvisnm/wt/internal/ui/picker.go:137.38,139.5 1 0
github.com/elvisnm/wt/internal/ui/picker.go:140.12,141.41 1 0
github.com/elvisnm/wt/internal/ui/picker.go:141.41,143.5 1 0
github.com/elvisnm/wt/internal/ui/picker.go:144.11,145.32 1 0
github.com/elvisnm/wt/internal/ui/picker.go:148.2,148.16 1 0
github.com/elvisnm/wt/internal/ui/picker.go:151.95,165.28 5 1
github.com/elvisnm/wt/internal/ui/picker.go:165.28,166.18 1 1
github.com/elvisnm/wt/internal/ui/picker.go:166.18,177.12 6 1
github.com/elvisnm/wt/internal/ui/picker.go:180.3,195.30 5 1
github.com/elvisnm/wt/internal/ui/picker.go:198.2,202.15 4 1
github.com/elvisnm/wt/internal/ui/services_panel.go:12.107,16.24 3 0
github.com/elvisnm/wt/internal/ui/services_panel.go:16.24,22.3 3 0
github.com/elvisnm/wt/internal/ui/services_panel.go:24.2,28.31 4 0
github.com/elvisnm/wt/internal/ui/services_panel.go:28.31,31.3 2 0
github.com/elvisnm/wt/internal/ui/services_panel.go:33.2,40.36 7 0
github.com/elvisnm/wt/internal/ui/services_panel.go:43.101,45.20 2 0
github.com/elvisnm/wt/internal/ui/services_panel.go:46.16,47.22 1 0
github.com/elvisnm/wt/internal/ui/services_panel.go:48.17,49.22 1 0
github.com/elvisnm/wt/internal/ui/services_panel.go:50.10,51.20 1 0
github.com/elvisnm/wt/internal/ui/services_panel.go:54.2,55.63 2 0
github.com/elvisnm/wt/internal/ui/services_panel.go:55.63,58.3 2 0
github.com/elvisnm/wt/internal/ui/services_panel.go:58.8,60.3 1 0
github.com/elvisnm/wt/internal/ui/services_panel.go:62.2,66.13 5 0
github.com/elvisnm/wt/internal/ui/services_panel.go:66.13,68.3 1 0
github.com/elvisnm/wt/internal/ui/services_panel.go:70.2,72.31 2 0
github.com/elvisnm/wt/internal/ui/services_panel.go:72.31,79.3 1 0
github.com/elvisnm/wt/internal/ui/services_panel.go:81.2,81.14 1 0
github.com/elvisnm/wt/internal/ui/services_panel.go:81.14,86.3 1 0
github.com/elvisnm/wt/internal/ui/services_panel.go:89.2,90.20 2 0
github.com/elvisnm/wt/internal/ui/services_panel.go:91.16,92.76 1 0
github.com/elvisnm/wt/internal/ui/services_panel.go:93.17,94.76 1 0
github.com/elvisnm/wt/internal/ui/services_panel.go:95.10,96.74 1 0
github.com/elvisnm/wt/internal/ui/services_panel.go:98.2,100.13 3 0
github.com/elvisnm/wt/internal/ui/services_panel.go:100.13,102.3 1 0
github.com/elvisnm/wt/internal/ui/services_panel.go:103.2,104.54 2 0
github.com/elvisnm/wt/internal/ui/status_bar.go:14.68,33.2 5 0
github.com/elvisnm/wt/internal/ui/status_bar.go:35.55,42.2 2 0
github.com/elvisnm/wt/internal/ui/tab_bar.go:21.90,28.20 5 1
github.com/elvisnm/wt/internal/ui/tab_bar.go:28.20,34.3 3 1
github.com/elvisnm/wt/internal/ui/tab_bar.go:36.2,37.27 2 1
github.com/elvisnm/wt/internal/ui/tab_bar.go:37.27,40.3 2 1
github.com/elvisnm/wt/internal/ui/tab_bar.go:42.2,47.36 5 1
github.com/elvisnm/wt/internal/ui/tab_bar.go:50.97,53.13 2 1
github.com/elvisnm/wt/internal/ui/tab_bar.go:53.13,55.3 1 1
github.com/elvisnm/wt/internal/ui/tab_bar.go:57.2,60.16 3 1
github.com/elvisnm/wt/internal/ui/tab_bar.go:60.16,62.3 1 1
github.com/elvisnm/wt/internal/ui/tab_bar.go:64.2,69.18 5 1
github.com/elvisnm/wt/internal/ui/tab_bar.go:69.18,71.3 1 0
github.com/elvisnm/wt/internal/ui/tab_bar.go:72.2,72.45 1 1
github.com/elvisnm/wt/internal/ui/tab_bar.go:72.45,75.3 2 0
github.com/elvisnm/wt/internal/ui/tab_bar.go:76.2,78.13 3 1
github.com/elvisnm/wt/internal/ui/tab_bar.go:78.13,80.3 1 0
github.com/elvisnm/wt/internal/ui/tab_bar.go:82.2,84.31 2 1
github.com/elvisnm/wt/internal/ui/tab_bar.go:84.31,91.3 1 1
github.com/elvisnm/wt/internal/ui/tab_bar.go:93.2,93.14 1 1
github.com/elvisnm/wt/internal/ui/tab_bar.go:93.14,98.3 1 1
github.com/elvisnm/wt/internal/ui/tab_bar.go:100.2,103.13 4 1
github.com/elvisnm/wt/internal/ui/tab_bar.go:103.13,105.3 1 0
github.com/elvisnm/wt/internal/ui/tab_bar.go:106.2,107.54 2 1
github.com/elvisnm/wt/internal/ui/tab_bar.go:110.47,111.16 1 1
github.com/elvisnm/wt/internal/ui/tab_bar.go:111.16,113.3 1 0
github.com/elvisnm/wt/internal/ui/tab_bar.go:114.2,114.16 1 1
github.com/elvisnm/wt/internal/ui/tab_bar.go:114.16,116.3 1 0
github.com/elvisnm/wt/internal/ui/tab_bar.go:117.2,117.67 1 1
github.com/elvisnm/wt/internal/ui/tab_bar.go:120.53,121.16 1 1
github.com/elvisnm/wt/internal/ui/tab_bar.go:121.16,123.3 1 1
github.com/elvisnm/wt/internal/ui/tab_bar.go:124.2,124.14 1 1
github.com/elvisnm/wt/internal/ui/worktree_panel.go:14.129,22.31 6 0
github.com/elvisnm/wt/internal/ui/worktree_panel.go:22.31,25.3 2 0
github.com/elvisnm/wt/internal/ui/worktree_panel.go:27.2,37.15 8 0
github.com/elvisnm/wt/internal/ui/worktree_panel.go:40.122,42.16 2 0
github.com/elvisnm/wt/internal/ui/worktree_panel.go:42.16,44.3 1 0
github.com/elvisnm/wt/internal/ui/worktree_panel.go:46.2,47.56 2 0
github.com/elvisnm/wt/internal/ui/worktree_panel.go:47.56,49.3 1 0
github.com/elvisnm/wt/internal/ui/worktree_panel.go:49.8,49.56 1 0
github.com/elvisnm/wt/internal/ui/worktree_panel.go:49.56,51.50 2 0
github.com/elvisnm/wt/internal/ui/worktree_panel.go:51.50,53.4 1 0
github.com/elvisnm/wt/internal/ui/worktree_panel.go:54.8,54.39 1 0
github.com/elvisnm/wt/internal/ui/worktree_panel.go:54.39,56.3 1 0
github.com/elvisnm/wt/internal/ui/worktree_panel.go:56.8,56.23 1 0
github.com/elvisnm/wt/internal/ui/worktree_panel.go:56.23,58.3 1 0
github.com/elvisnm/wt/internal/ui/worktree_panel.go:58.8,58.31 1 0
github.com/elvisnm/wt/internal/ui/worktree_panel.go:58.31,60.3 1 0
github.com/elvisnm/wt/internal/ui/worktree_panel.go:60.8,62.3 1 0
github.com/elvisnm/wt/internal/ui/worktree_panel.go:64.2,68.18 4 0
github.com/elvisnm/wt/internal/ui/worktree_panel.go:68.18,70.3 1 0
github.com/elvisnm/wt/internal/ui/worktree_panel.go:71.2,71.45 1 0
github.com/elvisnm/wt/internal/ui/worktree_panel.go:71.45,74.3 2 0
github.com/elvisnm/wt/internal/ui/worktree_panel.go:75.2,77.13 3 0
github.com/elvisnm/wt/internal/ui/worktree_panel.go:77.13,79.3 1 0
github.com/elvisnm/wt/internal/ui/worktree_panel.go:81.2,83.31 2 0
github.com/elvisnm/wt/internal/ui/worktree_panel.go:83.31,90.3 1 0
github.com/elvisnm/wt/internal/ui/worktree_panel.go:92.2,92.14 1 0
github.com/elvisnm/wt/internal/ui/worktree_panel.go:92.14,97.3 1 0
github.com/elvisnm/wt/internal/ui/worktree_panel.go:100.2,103.13 4 0
github.com/elvisnm/wt/internal/ui/worktree_panel.go:103.13,105.3 1 0
github.com/elvisnm/wt/internal/ui/worktree_panel.go:106.2,107.54 2 0
github.com/elvisnm/wt/internal/ui/worktree_panel.go:110.52,111.9 1 0
github.com/elvisnm/wt/internal/ui/worktree_panel.go:112.43,113.69 1 0
github.com/elvisnm/wt/internal/ui/worktree_panel.go:114.44,115.68 1 0
github.com/elvisnm/wt/internal/ui/worktree_panel.go:116.45,117.69 1 0
github.com/elvisnm/wt/internal/ui/worktree_panel.go:118.18,119.68 1 0
github.com/elvisnm/wt/internal/ui/worktree_panel.go:120.26,121.68 1 0
github.com/elvisnm/wt/internal/ui/worktree_panel.go:122.37,123.68 1 0
github.com/elvisnm/wt/internal/ui/worktree_panel.go:124.10,125.68 1 0
github.com/elvisnm/wt/internal/ui/worktree_panel.go:129.58,130.9 1 0
github.com/elvisnm/wt/internal/ui/worktree_panel.go:131.43,132.15 1 0
github.com/elvisnm/wt/internal/ui/worktree_panel.go:133.44,134.15 1 0
github.com/elvisnm/wt/internal/ui/worktree_panel.go:135.45,136.15 1 0
github.com/elvisnm/wt/internal/ui/worktree_panel.go:137.18,138.15 1 0
github.com/elvisnm/wt/internal/ui/worktree_panel.go:139.26,140.15 1 0
github.com/elvisnm/wt/internal/ui/worktree_panel.go:141.37,142.15 1 0
github.com/elvisnm/wt/internal/ui/worktree_panel.go:143.10,144.15 1 0
github.com/elvisnm/wt/internal/ui/worktree_panel.go:151.50,153.21 2 1
github.com/elvisnm/wt/internal/ui/worktree_panel.go:153.21,155.3 1 0
github.com/elvisnm/wt/internal/ui/worktree_panel.go:157.2,161.23 4 1
github.com/elvisnm/wt/internal/ui/worktree_panel.go:161.23,163.3 1 0
github.com/elvisnm/wt/internal/ui/worktree_panel.go:168.2,171.60 3 1
github.com/elvisnm/wt/internal/ui/worktree_panel.go:171.60,173.3 1 0
github.com/elvisnm/wt/internal/ui/worktree_panel.go:177.2,180.34 3 1
github.com/elvisnm/wt/internal/ui/worktree_panel.go:184.43,187.17 3 1
github.com/elvisnm/wt/internal/ui/worktree_panel.go:187.17,188.54 1 1
github.com/elvisnm/wt/internal/ui/worktree_panel.go:188.54,191.34 2 0
github.com/elvisnm/wt/internal/ui/worktree_panel.go:191.34,193.5 1 0
github.com/elvisnm/wt/internal/ui/worktree_panel.go:194.4,194.18 1 0
github.com/elvisnm/wt/internal/ui/worktree_panel.go:194.18,197.13 3 0
github.com/elvisnm/wt/internal/ui/worktree_panel.go:200.3,200.8 1 1
github.com/elvisnm/wt/internal/ui/worktree_panel.go:202.2,202.15 1 1
github.com/elvisnm/wt/internal/ui/worktree_panel.go:207.58,210.37 3 1
github.com/elvisnm/wt/internal/ui/worktree_panel.go:210.37,211.54 1 1
github.com/elvisnm/wt/internal/ui/worktree_panel.go:211.54,214.51 2 0
github.com/elvisnm/wt/internal/ui/worktree_panel.go:214.51,216.5 1 0
github.com/elvisnm/wt/internal/ui/worktree_panel.go:217.4,217.18 1 0
github.com/elvisnm/wt/internal/ui/worktree_panel.go:217.18,219.5 1 0
github.com/elvisnm/wt/internal/ui/worktree_panel.go:220.4,221.12 2 0
github.com/elvisnm/wt/internal/ui/worktree_panel.go:224.3,226.8 3 1
github.com/elvisnm/wt/internal/ui/worktree_panel.go:228.2,228.23 1 1
github.com/elvisnm/wt/internal/ui/worktree_panel.go:228.23,230.3 1 1
github.com/elvisnm/wt/internal/ui/worktree_panel.go:231.2,231.11 1 0
github.com/elvisnm/wt/internal/ui/worktree_panel.go:234.39,236.2 1 1
github.com/elvisnm/wt/internal/app/actions.go:24.68,25.47 1 1
github.com/elvisnm/wt/internal/app/actions.go:25.47,27.25 2 1
github.com/elvisnm/wt/internal/app/actions.go:27.25,29.4 1 1
github.com/elvisnm/wt/internal/app/actions.go:30.3,30.11 1 1
github.com/elvisnm/wt/internal/app/actions.go:33.2,33.51 1 1
github.com/elvisnm/wt/internal/app/actions.go:33.51,34.60 1 1
github.com/elvisnm/wt/internal/app/actions.go:34.60,36.4 1 1
github.com/elvisnm/wt/internal/app/actions.go:39.2,39.45 1 1
github.com/elvisnm/wt/internal/app/actions.go:39.45,40.56 1 1
github.com/elvisnm/wt/internal/app/actions.go:40.56,44.66 3 1
github.com/elvisnm/wt/internal/app/actions.go:44.66,46.5 1 0
github.com/elvisnm/wt/internal/app/actions.go:48.4,49.65 2 1
github.com/elvisnm/wt/internal/app/actions.go:49.65,51.5 1 0
github.com/elvisnm/wt/internal/app/actions.go:55.2,55.56 1 1
github.com/elvisnm/wt/internal/app/actions.go:70.67,71.35 1 1
github.com/elvisnm/wt/internal/app/actions.go:71.35,72.17 1 1
github.com/elvisnm/wt/internal/app/actions.go:72.17,74.4 1 1
github.com/elvisnm/wt/internal/app/actions.go:75.3,75.25 1 1
github.com/elvisnm/wt/internal/app/actions.go:77.2,77.25 1 1
github.com/elvisnm/wt/internal/app/actions.go:77.25,79.3 1 1
github.com/elvisnm/wt/internal/app/actions.go:80.2,80.18 1 1
github.com/elvisnm/wt/internal/app/actions.go:80.18,81.17 1 1
github.com/elvisnm/wt/internal/app/actions.go:81.17,83.4 1 1
github.com/elvisnm/wt/internal/app/actions.go:84.3,84.36 1 1
github.com/elvisnm/wt/internal/app/actions.go:86.2,86.16 1 1
github.com/elvisnm/wt/internal/app/actions.go:86.16,88.3 1 1
github.com/elvisnm/wt/internal/app/actions.go:89.2,89.26 1 1
github.com/elvisnm/wt/internal/app/actions.go:92.107,94.16 1 0
github.com/elvisnm/wt/internal/app/actions.go:95.34,102.19 2 0
github.com/elvisnm/wt/internal/app/actions.go:102.19,104.5 1 0
github.com/elvisnm/wt/internal/app/actions.go:105.19,108.19 3 0
github.com/elvisnm/wt/internal/app/actions.go:109.20,110.52 1 0
github.com/elvisnm/wt/internal/app/actions.go:111.17,112.49 1 0
github.com/elvisnm/wt/internal/app/actions.go:113.18,114.52 1 0
github.com/elvisnm/wt/internal/app/actions.go:116.5,116.50 1 0
github.com/elvisnm/wt/internal/app/actions.go:119.10,120.25 1 0
github.com/elvisnm/wt/internal/app/actions.go:120.25,122.4 1 0
github.com/elvisnm/wt/internal/app/actions.go:128.52,130.16 2 1
github.com/elvisnm/wt/internal/app/actions.go:130.16,132.3 1 0
github.com/elvisnm/wt/internal/app/actions.go:134.2,136.56 3 1
github.com/elvisnm/wt/internal/app/actions.go:136.56,137.39 1 1
github.com/elvisnm/wt/internal/app/actions.go:137.39,138.12 1 1
github.com/elvisnm/wt/internal/app/actions.go:141.3,141.76 1 0
github.com/elvisnm/wt/internal/app/actions.go:141.76,142.12 1 0
github.com/elvisnm/wt/internal/app/actions.go:144.3,145.22 2 0
github.com/elvisnm/wt/internal/app/actions.go:145.22,146.12 1 0
github.com/elvisnm/wt/internal/app/actions.go:148.3,150.32 3 0
github.com/elvisnm/wt/internal/app/actions.go:150.32,151.12 1 0
github.com/elvisnm/wt/internal/app/actions.go:153.3,153.48 1 0
github.com/elvisnm/wt/internal/app/actions.go:153.48,156.4 2 0
github.com/elvisnm/wt/internal/app/actions.go:158.2,158.15 1 1
github.com/elvisnm/wt/internal/app/actions.go:163.31,166.16 3 1
github.com/elvisnm/wt/internal/app/actions.go:166.16,169.3 2 0
github.com/elvisnm/wt/internal/app/actions.go:170.2,172.16 3 1
github.com/elvisnm/wt/internal/app/actions.go:172.16,175.3 2 1
github.com/elvisnm/wt/internal/app/actions.go:176.2,178.57 3 1
github.com/elvisnm/wt/internal/app/actions.go:178.57,180.49 2 1
github.com/elvisnm/wt/internal/app/actions.go:180.49,181.12 1 1
github.com/elvisnm/wt/internal/app/actions.go:183.3,184.22 2 1
github.com/elvisnm/wt/internal/app/actions.go:184.22,185.12 1 0
github.com/elvisnm/wt/internal/app/actions.go:187.3,189.14 3 1
github.com/elvisnm/wt/internal/app/actions.go:190.28,193.21 3 1
github.com/elvisnm/wt/internal/app/actions.go:193.21,195.5 1 1
github.com/elvisnm/wt/internal/app/actions.go:196.4,197.14 2 1
github.com/elvisnm/wt/internal/app/actions.go:198.32,201.14 3 1
github.com/elvisnm/wt/internal/app/actions.go:202.28,205.14 3 1
github.com/elvisnm/wt/internal/app/actions.go:208.2,208.72 1 1
github.com/elvisnm/wt/internal/app/actions.go:211.49,215.2 3 0
github.com/elvisnm/wt/internal/app/actions.go:217.98,222.2 4 0
github.com/elvisnm/wt/internal/app/debug.go:17.19,18.34 1 0
github.com/elvisnm/wt/internal/app/debug.go:18.34,20.3 1 0
github.com/elvisnm/wt/internal/app/debug.go:21.2,24.16 4 0
github.com/elvisnm/wt/internal/app/debug.go:24.16,27.3 2 0
github.com/elvisnm/wt/internal/app/debug.go:28.2,29.76 2 0
github.com/elvisnm/wt/internal/app/debug.go:34.44,35.20 1 1
github.com/elvisnm/wt/internal/app/debug.go:35.20,37.3 1 1
github.com/elvisnm/wt/internal/app/debug.go:38.2,41.19 4 0
github.com/elvisnm/wt/internal/app/model.go:107.38,108.28 1 0
github.com/elvisnm/wt/internal/app/model.go:108.28,111.3 2 0
github.com/elvisnm/wt/internal/app/model.go:115.47,117.36 2 0
github.com/elvisnm/wt/internal/app/model.go:117.36,119.3 1 0
github.com/elvisnm/wt/internal/app/model.go:120.2,121.23 2 0
github.com/elvisnm/wt/internal/app/model.go:125.85,127.16 2 0
github.com/elvisnm/wt/internal/app/model.go:127.16,129.3 1 0
github.com/elvisnm/wt/internal/app/model.go:131.2,132.21 2 0
github.com/elvisnm/wt/internal/app/model.go:132.21,134.3 1 0
github.com/elvisnm/wt/internal/app/model.go:136.2,137.21 2 0
github.com/elvisnm/wt/internal/app/model.go:137.21,139.3 1 0
github.com/elvisnm/wt/internal/app/model.go:141.2,152.3 3 0
github.com/elvisnm/wt/internal/app/model.go:155.45,157.2 1 0
github.com/elvisnm/wt/internal/app/model.go:159.31,163.18 4 0
github.com/elvisnm/wt/internal/app/model.go:163.18,166.3 2 0
github.com/elvisnm/wt/internal/app/model.go:167.2,172.3 4 0
github.com/elvisnm/wt/internal/app/model.go:187.39,190.24 3 0
github.com/elvisnm/wt/internal/app/model.go:190.24,194.26 4 0
github.com/elvisnm/wt/internal/app/model.go:194.26,196.4 1 0
github.com/elvisnm/wt/internal/app/model.go:197.3,206.39 10 0
github.com/elvisnm/wt/internal/app/model.go:210.119,211.24 1 0
github.com/elvisnm/wt/internal/app/model.go:211.24,218.3 6 0
github.com/elvisnm/wt/internal/app/model.go:221.75,222.24 1 0
github.com/elvisnm/wt/internal/app/model.go:222.24,226.3 3 0
github.com/elvisnm/wt/internal/app/model.go:229.75,231.16 2 0
github.com/elvisnm/wt/internal/app/model.go:231.16,233.3 1 0
github.com/elvisnm/wt/internal/app/model.go:234.2,234.24 1 0
github.com/elvisnm/wt/internal/app/model.go:234.24,237.18 3 0
github.com/elvisnm/wt/internal/app/model.go:238.17,239.42 1 0
github.com/elvisnm/wt/internal/app/model.go:240.11,241.54 1 0
github.com/elvisnm/wt/internal/app/model.go:243.3,244.44 2 0
github.com/elvisnm/wt/internal/app/model.go:248.81,250.16 2 0
github.com/elvisnm/wt/internal/app/model.go:250.16,252.3 1 0
github.com/elvisnm/wt/internal/app/model.go:253.2,253.24 1 0
github.com/elvisnm/wt/internal/app/model.go:253.24,256.18 3 0
github.com/elvisnm/wt/internal/app/model.go:257.17,262.53 3 0
github.com/elvisnm/wt/internal/app/model.go:263.11,264.37 1 0
github.com/elvisnm/wt/internal/app/model.go:266.3,267.44 2 0
github.com/elvisnm/wt/internal/app/model.go:274.90,275.52 1 0
github.com/elvisnm/wt/internal/app/model.go:275.52,277.3 1 0
github.com/elvisnm/wt/internal/app/model.go:279.2,284.47 3 0
github.com/elvisnm/wt/internal/app/model.go:284.47,291.34 2 0
github.com/elvisnm/wt/internal/app/model.go:291.34,293.38 2 0
github.com/elvisnm/wt/internal/app/model.go:293.38,296.5 1 0
github.com/elvisnm/wt/internal/app/model.go:296.10,298.5 1 0
github.com/elvisnm/wt/internal/app/model.go:299.4,299.16 1 0
github.com/elvisnm/wt/internal/app/model.go:299.16,302.19 3 0
github.com/elvisnm/wt/internal/app/model.go:302.19,306.6 3 0
github.com/elvisnm/wt/internal/app/model.go:306.11,310.6 3 0
github.com/elvisnm/wt/internal/app/model.go:311.10,315.5 3 0
github.com/elvisnm/wt/internal/app/model.go:318.3,318.35 1 0
github.com/elvisnm/wt/internal/app/model.go:321.2,321.17 1 0
github.com/elvisnm/wt/internal/app/model.go:321.17,323.3 1 0
github.com/elvisnm/wt/internal/app/model.go:325.2,325.24 1 0
github.com/elvisnm/wt/internal/app/model.go:325.24,327.3 1 0
github.com/elvisnm/wt/internal/app/model.go:329.2,329.17 1 0
github.com/elvisnm/wt/internal/app/model.go:335.128,336.24 1 0
github.com/elvisnm/wt/internal/app/model.go:336.24,338.3 1 0
github.com/elvisnm/wt/internal/app/model.go:341.2,342.26 2 0
github.com/elvisnm/wt/internal/app/model.go:342.26,343.34 1 0
github.com/elvisnm/wt/internal/app/model.go:343.34,344.12 1 0
github.com/elvisnm/wt/internal/app/model.go:346.3,346.43 1 0
github.com/elvisnm/wt/internal/app/model.go:351.2,352.16 2 0
github.com/elvisnm/wt/internal/app/model.go:352.16,353.48 1 0
github.com/elvisnm/wt/internal/app/model.go:353.48,355.32 2 0
github.com/elvisnm/wt/internal/app/model.go:355.32,356.42 1 0
github.com/elvisnm/wt/internal/app/model.go:356.42,358.6 1 0
github.com/elvisnm/wt/internal/app/model.go:359.10,361.5 1 0
github.com/elvisnm/wt/internal/app/model.go:366.2,366.41 1 0
github.com/elvisnm/wt/internal/app/model.go:366.41,368.10 2 0
github.com/elvisnm/wt/internal/app/model.go:368.10,370.12 2 0
github.com/elvisnm/wt/internal/app/model.go:372.3,372.41 1 0
github.com/elvisnm/wt/internal/app/model.go:372.41,373.12 1 0
github.com/elvisnm/wt/internal/app/model.go:375.3,375.72 1 0
github.com/elvisnm/wt/internal/app/model.go:375.72,378.4 2 0
github.com/elvisnm/wt/internal/app/model.go:380.3,382.59 3 0
github.com/elvisnm/wt/internal/app/model.go:382.59,384.4 1 0
github.com/elvisnm/wt/internal/app/model.go:388.2,389.34 2 0
github.com/elvisnm/wt/internal/app/model.go:389.34,390.26 1 0
github.com/elvisnm/wt/internal/app/model.go:390.26,391.12 1 0
github.com/elvisnm/wt/internal/app/model.go:393.3,393.29 1 0
github.com/elvisnm/wt/internal/app/model.go:393.29,395.9 2 0
github.com/elvisnm/wt/internal/app/model.go:398.2,398.60 1 0
github.com/elvisnm/wt/internal/app/model.go:398.60,399.17 1 0
github.com/elvisnm/wt/internal/app/model.go:399.17,401.4 1 0
github.com/elvisnm/wt/internal/app/model.go:401.9,403.4 1 0
github.com/elvisnm/wt/internal/app/model.go:406.2,406.20 1 0
github.com/elvisnm/wt/internal/app/model.go:411.64,413.16 2 0
github.com/elvisnm/wt/internal/app/model.go:413.16,415.3 1 0
github.com/elvisnm/wt/internal/app/model.go:417.2,419.21 3 0
github.com/elvisnm/wt/internal/app/model.go:419.21,420.70 1 0
github.com/elvisnm/wt/internal/app/model.go:420.70,422.4 1 0
github.com/elvisnm/wt/internal/app/model.go:424.2,424.10 1 0
github.com/elvisnm/wt/internal/app/model.go:429.118,431.16 2 0
github.com/elvisnm/wt/internal/app/model.go:431.16,433.3 1 0
github.com/elvisnm/wt/internal/app/model.go:434.2,436.15 2 0
github.com/elvisnm/wt/internal/app/model.go:437.16,438.22 1 0
github.com/elvisnm/wt/internal/app/model.go:438.22,439.60 1 0
github.com/elvisnm/wt/internal/app/model.go:439.60,446.5 4 0
github.com/elvisnm/wt/internal/app/model.go:448.10,450.26 2 0
github.com/elvisnm/wt/internal/app/model.go:450.26,451.37 1 0
github.com/elvisnm/wt/internal/app/model.go:451.37,453.5 1 0
github.com/elvisnm/wt/internal/app/model.go:455.3,455.28 1 0
github.com/elvisnm/wt/internal/app/model.go:455.28,457.4 1 0
github.com/elvisnm/wt/internal/app/model.go:459.3,460.24 2 0
github.com/elvisnm/wt/internal/app/model.go:460.24,461.23 1 0
github.com/elvisnm/wt/internal/app/model.go:461.23,462.42 1 0
github.com/elvisnm/wt/internal/app/model.go:462.42,464.6 1 0
github.com/elvisnm/wt/internal/app/model.go:466.4,466.14 1 0
github.com/elvisnm/wt/internal/app/model.go:468.3,468.22 1 0
github.com/elvisnm/wt/internal/app/model.go:468.22,469.41 1 0
github.com/elvisnm/wt/internal/app/model.go:469.41,471.5 1 0
github.com/elvisnm/wt/internal/app/model.go:474.2,474.12 1 0
github.com/elvisnm/wt/internal/app/model.go:479.51,480.26 1 0
github.com/elvisnm/wt/internal/app/model.go:480.26,482.3 1 0
github.com/elvisnm/wt/internal/app/model.go:484.2,484.15 1 0
github.com/elvisnm/wt/internal/app/update.go:22.57,23.27 1 1
github.com/elvisnm/wt/internal/app/update.go:24.25,31.27 5 0
github.com/elvisnm/wt/internal/app/update.go:31.27,33.44 2 0
github.com/elvisnm/wt/internal/app/update.go:33.44,35.5 1 0
github.com/elvisnm/wt/internal/app/update.go:36.4,36.32 1 0
github.com/elvisnm/wt/internal/app/update.go:36.32,38.5 1 0
github.com/elvisnm/wt/internal/app/update.go:40.3,40.16 1 0
github.com/elvisnm/wt/internal/app/update.go:42.21,49.41 5 0
github.com/elvisnm/wt/internal/app/update.go:49.41,51.4 1 0
github.com/elvisnm/wt/internal/app/update.go:52.3,58.30 3 0
github.com/elvisnm/wt/internal/app/update.go:58.30,60.4 1 0
github.com/elvisnm/wt/internal/app/update.go:60.9,60.33 1 0
github.com/elvisnm/wt/internal/app/update.go:60.33,64.4 3 0
github.com/elvisnm/wt/internal/app/update.go:65.3,65.31 1 0
github.com/elvisnm/wt/internal/app/update.go:67.24,72.16 5 0
github.com/elvisnm/wt/internal/app/update.go:72.16,74.4 1 0
github.com/elvisnm/wt/internal/app/update.go:74.9,76.4 1 0
github.com/elvisnm/wt/internal/app/update.go:77.3,77.54 1 0
github.com/elvisnm/wt/internal/app/update.go:77.54,79.24 2 0
github.com/elvisnm/wt/internal/app/update.go:79.24,81.5 1 0
github.com/elvisnm/wt/internal/app/update.go:83.3,83.54 1 0
github.com/elvisnm/wt/internal/app/update.go:83.54,87.4 3 0
github.com/elvisnm/wt/internal/app/update.go:88.3,88.31 1 0
github.com/elvisnm/wt/internal/app/update.go:90.23,96.32 3 0
github.com/elvisnm/wt/internal/app/update.go:96.32,98.4 1 0
github.com/elvisnm/wt/internal/app/update.go:99.3,99.30 1 0
github.com/elvisnm/wt/internal/app/update.go:99.30,100.51 1 0
github.com/elvisnm/wt/internal/app/update.go:100.51,104.5 3 0
github.com/elvisnm/wt/internal/app/update.go:106.3,106.47 1 0
github.com/elvisnm/wt/internal/app/update.go:108.26,111.17 3 0
github.com/elvisnm/wt/internal/app/update.go:111.17,113.4 1 0
github.com/elvisnm/wt/internal/app/update.go:114.3,116.42 3 0
github.com/elvisnm/wt/internal/app/update.go:116.42,118.4 1 0
github.com/elvisnm/wt/internal/app/update.go:119.3,119.31 1 0
github.com/elvisnm/wt/internal/app/update.go:119.31,121.35 2 0
github.com/elvisnm/wt/internal/app/update.go:121.35,122.39 1 0
github.com/elvisnm/wt/internal/app/update.go:122.39,124.11 2 0
github.com/elvisnm/wt/internal/app/update.go:127.4,127.14 1 0
github.com/elvisnm/wt/internal/app/update.go:127.14,129.5 1 0
github.com/elvisnm/wt/internal/app/update.go:131.3,131.50 1 0
github.com/elvisnm/wt/internal/app/update.go:133.24,134.21 1 0
github.com/elvisnm/wt/internal/app/update.go:134.21,136.4 1 0
github.com/elvisnm/wt/internal/app/update.go:136.9,139.4 3 0
github.com/elvisnm/wt/internal/app/update.go:140.3,140.16 1 0
github.com/elvisnm/wt/internal/app/update.go:142.24,143.31 1 0
github.com/elvisnm/wt/internal/app/update.go:143.31,145.4 1 0
github.com/elvisnm/wt/internal/app/update.go:146.3,147.30 2 0
github.com/elvisnm/wt/internal/app/update.go:147.30,148.41 1 0
github.com/elvisnm/wt/internal/app/update.go:148.41,150.10 2 0
github.com/elvisnm/wt/internal/app/update.go:153.3,155.52 3 0
github.com/elvisnm/wt/internal/app/update.go:157.23,160.21 3 0
github.com/elvisnm/wt/internal/app/update.go:160.21,161.24 1 0
github.com/elvisnm/wt/internal/app/update.go:161.24,163.5 1 0
github.com/elvisnm/wt/internal/app/update.go:163.10,165.5 1 0
github.com/elvisnm/wt/internal/app/update.go:167.3,167.29 1 0
github.com/elvisnm/wt/internal/app/update.go:169.30,172.34 3 0
github.com/elvisnm/wt/internal/app/update.go:172.34,173.29 1 0
github.com/elvisnm/wt/internal/app/update.go:173.29,177.5 3 0
github.com/elvisnm/wt/internal/app/update.go:179.3,179.29 1 0
github.com/elvisnm/wt/internal/app/update.go:181.15,182.19 1 0
github.com/elvisnm/wt/internal/app/update.go:183.17,186.71 3 0
github.com/elvisnm/wt/internal/app/update.go:187.16,190.41 3 0
github.com/elvisnm/wt/internal/app/update.go:191.19,192.60 1 0
github.com/elvisnm/wt/internal/app/update.go:192.60,194.5 1 0
github.com/elvisnm/wt/internal/app/update.go:195.4,195.51 1 0
github.com/elvisnm/wt/internal/app/update.go:196.15,197.24 1 0
github.com/elvisnm/wt/internal/app/update.go:197.24,200.5 2 0
github.com/elvisnm/wt/internal/app/update.go:201.4,201.17 1 0
github.com/elvisnm/wt/internal/app/update.go:202.17,204.70 1 0
github.com/elvisnm/wt/internal/app/update.go:204.70,205.56 1 0
github.com/elvisnm/wt/internal/app/update.go:205.56,209.24 4 0
github.com/elvisnm/wt/internal/app/update.go:209.24,211.7 1 0
github.com/elvisnm/wt/internal/app/update.go:212.6,216.37 3 0
github.com/elvisnm/wt/internal/app/update.go:216.37,218.7 1 0
github.com/elvisnm/wt/internal/app/update.go:221.6,221.47 1 0
github.com/elvisnm/wt/internal/app/update.go:221.47,222.38 1 0
github.com/elvisnm/wt/internal/app/update.go:222.38,223.67 1 0
github.com/elvisnm/wt/internal/app/update.go:223.67,225.14 2 0
github.com/elvisnm/wt/internal/app/update.go:230.6,234.7 2 0
github.com/elvisnm/wt/internal/app/update.go:235.11,235.59 1 0
github.com/elvisnm/wt/internal/app/update.go:235.59,238.6 1 0
github.com/elvisnm/wt/internal/app/update.go:241.4,241.31 1 0
github.com/elvisnm/wt/internal/app/update.go:241.31,242.62 1 0
github.com/elvisnm/wt/internal/app/update.go:242.62,246.46 3 0
github.com/elvisnm/wt/internal/app/update.go:246.46,247.61 1 0
github.com/elvisnm/wt/internal/app/update.go:247.61,249.13 2 0
github.com/elvisnm/wt/internal/app/update.go:252.6,252.24 1 0
github.com/elvisnm/wt/internal/app/update.go:252.24,254.7 1 0
github.com/elvisnm/wt/internal/app/update.go:254.12,256.7 1 0
github.com/elvisnm/wt/internal/app/update.go:257.6,259.58 2 0
github.com/elvisnm/wt/internal/app/update.go:263.4,263.26 1 0
github.com/elvisnm/wt/internal/app/update.go:263.26,264.57 1 0
github.com/elvisnm/wt/internal/app/update.go:264.57,269.30 5 0
github.com/elvisnm/wt/internal/app/update.go:269.30,271.7 1 0
github.com/elvisnm/wt/internal/app/update.go:272.6,272.24 1 0
github.com/elvisnm/wt/internal/app/update.go:272.24,277.7 4 0
github.com/elvisnm/wt/internal/app/update.go:278.6,281.54 3 0
github.com/elvisnm/wt/internal/app/update.go:281.54,282.103 1 0
github.com/elvisnm/wt/internal/app/update.go:282.103,283.44 1 0
github.com/elvisnm/wt/internal/app/update.go:283.44,285.9 1 0
github.com/elvisnm/wt/internal/app/update.go:287.7,287.60 1 0
github.com/elvisnm/wt/internal/app/update.go:289.6,295.37 4 0
github.com/elvisnm/wt/internal/app/update.go:295.37,296.22 1 0
github.com/elvisnm/wt/internal/app/update.go:296.22,298.16 2 0
github.com/elvisnm/wt/internal/app/update.go:300.7,300.22 1 0
github.com/elvisnm/wt/internal/app/update.go:301.31,305.22 4 0
github.com/elvisnm/wt/internal/app/update.go:305.22,307.9 1 0
github.com/elvisnm/wt/internal/app/update.go:308.32,312.24 3 0
github.com/elvisnm/wt/internal/app/update.go:312.24,314.10 1 0
github.com/elvisnm/wt/internal/app/update.go:315.24,319.10 3 0
github.com/elvisnm/wt/internal/app/update.go:323.6,324.34 2 0
github.com/elvisnm/wt/internal/app/update.go:328.4,328.24 1 0
github.com/elvisnm/wt/internal/app/update.go:328.24,329.46 1 0
github.com/elvisnm/wt/internal/app/update.go:329.46,332.30 3 0
github.com/elvisnm/wt/internal/app/update.go:332.30,334.7 1 0
github.com/elvisnm/wt/internal/app/update.go:335.6,335.34 1 0
github.com/elvisnm/wt/internal/app/update.go:339.4,339.55 1 0
github.com/elvisnm/wt/internal/app/update.go:339.55,341.5 1 0
github.com/elvisnm/wt/internal/app/update.go:343.4,343.58 1 0
github.com/elvisnm/wt/internal/app/update.go:343.58,345.5 1 0
github.com/elvisnm/wt/internal/app/update.go:346.4,346.17 1 0
github.com/elvisnm/wt/internal/app/update.go:348.3,348.16 1 0
github.com/elvisnm/wt/internal/app/update.go:350.22,352.16 2 0
github.com/elvisnm/wt/internal/app/update.go:354.20,355.29 1 0
github.com/elvisnm/wt/internal/app/update.go:357.18,360.18 1 1
github.com/elvisnm/wt/internal/app/update.go:360.18,362.4 1 0
github.com/elvisnm/wt/internal/app/update.go:363.3,363.21 1 1
github.com/elvisnm/wt/internal/app/update.go:363.21,365.4 1 0
github.com/elvisnm/wt/internal/app/update.go:366.3,366.21 1 1
github.com/elvisnm/wt/internal/app/update.go:366.21,368.4 1 0
github.com/elvisnm/wt/internal/app/update.go:369.3,369.20 1 1
github.com/elvisnm/wt/internal/app/update.go:369.20,371.4 1 1
github.com/elvisnm/wt/internal/app/update.go:372.3,372.27 1 1
github.com/elvisnm/wt/internal/app/update.go:375.2,375.15 1 0
github.com/elvisnm/wt/internal/app/update.go:378.68,379.20 1 0
github.com/elvisnm/wt/internal/app/update.go:380.30,381.10 1 0
github.com/elvisnm/wt/internal/app/update.go:382.33,382.33 0 0
github.com/elvisnm/wt/internal/app/update.go:384.32,386.28 2 0
github.com/elvisnm/wt/internal/app/update.go:386.28,388.5 1 0
github.com/elvisnm/wt/internal/app/update.go:389.34,390.20 1 0
github.com/elvisnm/wt/internal/app/update.go:390.20,397.5 6 0
github.com/elvisnm/wt/internal/app/update.go:398.33,399.28 1 0
github.com/elvisnm/wt/internal/app/update.go:399.28,401.5 1 0
github.com/elvisnm/wt/internal/app/update.go:403.32,404.10 1 0
github.com/elvisnm/wt/internal/app/update.go:405.33,405.33 0 0
github.com/elvisnm/wt/internal/app/update.go:407.32,409.17 2 0
github.com/elvisnm/wt/internal/app/update.go:409.17,413.23 4 0
github.com/elvisnm/wt/internal/app/update.go:413.23,415.6 1 0
github.com/elvisnm/wt/internal/app/update.go:416.5,417.38 2 0
github.com/elvisnm/wt/internal/app/update.go:417.38,419.6 1 0
github.com/elvisnm/wt/internal/app/update.go:421.34,422.37 1 0
github.com/elvisnm/wt/internal/app/update.go:422.37,429.5 6 0
github.com/elvisnm/wt/internal/app/update.go:430.33,431.44 1 0
github.com/elvisnm/wt/internal/app/update.go:431.44,433.5 1 0
github.com/elvisnm/wt/internal/app/update.go:436.2,436.15 1 0
github.com/elvisnm/wt/internal/app/update.go:439.32,440.27 1 0
github.com/elvisnm/wt/internal/app/update.go:440.27,442.3 1 0
github.com/elvisnm/wt/internal/app/update.go:442.8,442.41 1 0
github.com/elvisnm/wt/internal/app/update.go:442.41,444.3 1 0
github.com/elvisnm/wt/internal/app/update.go:448.59,450.50 2 0
github.com/elvisnm/wt/internal/app/update.go:450.50,452.3 1 0
github.com/elvisnm/wt/internal/app/update.go:457.2,457.32 1 0
github.com/elvisnm/wt/internal/app/update.go:457.32,459.26 2 0
github.com/elvisnm/wt/internal/app/update.go:459.26,460.35 1 0
github.com/elvisnm/wt/internal/app/update.go:460.35,462.5 1 0
github.com/elvisnm/wt/internal/app/update.go:464.3,464.34 1 0
github.com/elvisnm/wt/internal/app/update.go:464.34,465.34 1 0
github.com/elvisnm/wt/internal/app/update.go:465.34,467.5 1 0
github.com/elvisnm/wt/internal/app/update.go:469.3,469.17 1 0
github.com/elvisnm/wt/internal/app/update.go:475.2,475.91 1 0
github.com/elvisnm/wt/internal/app/update.go:475.91,476.40 1 0
github.com/elvisnm/wt/internal/app/update.go:476.40,478.23 1 0
github.com/elvisnm/wt/internal/app/update.go:478.23,479.70 1 0
github.com/elvisnm/wt/internal/app/update.go:479.70,481.6 1 0
github.com/elvisnm/wt/internal/app/update.go:486.2,488.25 2 0
github.com/elvisnm/wt/internal/app/update.go:488.25,489.34 1 0
github.com/elvisnm/wt/internal/app/update.go:489.34,490.32 1 0
github.com/elvisnm/wt/internal/app/update.go:490.32,493.35 3 0
github.com/elvisnm/wt/internal/app/update.go:493.35,495.6 1 0
github.com/elvisnm/wt/internal/app/update.go:496.5,496.11 1 0
github.com/elvisnm/wt/internal/app/update.go:501.2,503.32 3 0
github.com/elvisnm/wt/internal/app/update.go:503.32,505.3 1 0
github.com/elvisnm/wt/internal/app/update.go:508.55,509.50 1 1
github.com/elvisnm/wt/internal/app/update.go:509.50,512.3 2 1
github.com/elvisnm/wt/internal/app/update.go:513.2,513.12 1 0
github.com/elvisnm/wt/internal/app/update.go:516.64,518.9 2 1
github.com/elvisnm/wt/internal/app/update.go:519.65,523.16 4 0
github.com/elvisnm/wt/internal/app/update.go:525.34,528.16 3 0
github.com/elvisnm/wt/internal/app/update.go:530.39,533.16 3 0
github.com/elvisnm/wt/internal/app/update.go:535.37,536.31 1 0
github.com/elvisnm/wt/internal/app/update.go:536.31,538.4 1 0
github.com/elvisnm/wt/internal/app/update.go:538.9,538.39 1 0
github.com/elvisnm/wt/internal/app/update.go:538.39,540.4 1 0
github.com/elvisnm/wt/internal/app/update.go:541.3,541.16 1 0
github.com/elvisnm/wt/internal/app/update.go:543.38,546.16 3 0
github.com/elvisnm/wt/internal/app/update.go:548.38,551.16 3 0
github.com/elvisnm/wt/internal/app/update.go:553.40,556.16 3 0
github.com/elvisnm/wt/internal/app/update.go:558.41,561.16 3 0
github.com/elvisnm/wt/internal/app/update.go:565.2,565.33 1 1
github.com/elvisnm/wt/internal/app/update.go:565.33,567.3 1 0
github.com/elvisnm/wt/internal/app/update.go:570.2,570.22 1 1
github.com/elvisnm/wt/internal/app/update.go:571.11,575.16 4 0
github.com/elvisnm/wt/internal/app/update.go:576.11,579.16 3 0
github.com/elvisnm/wt/internal/app/update.go:580.11,582.16 2 0
github.com/elvisnm/wt/internal/app/update.go:583.11,585.16 2 0
github.com/elvisnm/wt/internal/app/update.go:590.2,590.60 1 1
github.com/elvisnm/wt/internal/app/update.go:590.60,595.27 5 0
github.com/elvisnm/wt/internal/app/update.go:595.27,597.4 1 0
github.com/elvisnm/wt/internal/app/update.go:598.3,598.16 1 0
github.com/elvisnm/wt/internal/app/update.go:602.2,602.22 1 1
github.com/elvisnm/wt/internal/app/update.go:603.11,604.61 1 0
github.com/elvisnm/wt/internal/app/update.go:604.61,607.4 2 0
github.com/elvisnm/wt/internal/app/update.go:608.11,609.28 1 0
github.com/elvisnm/wt/internal/app/update.go:610.11,611.52 1 0
github.com/elvisnm/wt/internal/app/update.go:611.52,613.4 1 0
github.com/elvisnm/wt/internal/app/update.go:614.11,615.50 1 0
github.com/elvisnm/wt/internal/app/update.go:615.50,617.4 1 0
github.com/elvisnm/wt/internal/app/update.go:618.11,619.37 1 0
github.com/elvisnm/wt/internal/app/update.go:620.11,621.34 1 0
github.com/elvisnm/wt/internal/app/update.go:622.11,623.25 1 0
github.com/elvisnm/wt/internal/app/update.go:626.2,626.17 1 1
github.com/elvisnm/wt/internal/app/update.go:627.22,628.36 1 1
github.com/elvisnm/wt/internal/app/update.go:629.20,630.35 1 0
github.com/elvisnm/wt/internal/app/update.go:631.21,632.36 1 0
github.com/elvisnm/wt/internal/app/update.go:633.21,634.36 1 0
github.com/elvisnm/wt/internal/app/update.go:637.2,637.15 1 0
github.com/elvisnm/wt/internal/app/update.go:640.73,641.9 1 1
github.com/elvisnm/wt/internal/app/update.go:642.33,643.19 1 0
github.com/elvisnm/wt/internal/app/update.go:643.19,651.17 8 0
github.com/elvisnm/wt/internal/app/update.go:651.17,653.5 1 0
github.com/elvisnm/wt/internal/app/update.go:654.4,654.34 1 0
github.com/elvisnm/wt/internal/app/update.go:656.3,656.16 1 0
github.com/elvisnm/wt/internal/app/update.go:658.35,659.36 1 0
github.com/elvisnm/wt/internal/app/update.go:659.36,666.4 6 0
github.com/elvisnm/wt/internal/app/update.go:667.3,667.16 1 0
github.com/elvisnm/wt/internal/app/update.go:669.37,671.15 2 0
github.com/elvisnm/wt/internal/app/update.go:671.15,673.4 1 0
github.com/elvisnm/wt/internal/app/update.go:674.3,676.19 3 0
github.com/elvisnm/wt/internal/app/update.go:676.19,678.4 1 0
github.com/elvisnm/wt/internal/app/update.go:679.3,679.23 1 0
github.com/elvisnm/wt/internal/app/update.go:679.23,685.4 5 0
github.com/elvisnm/wt/internal/app/update.go:686.3,686.16 1 0
github.com/elvisnm/wt/internal/app/update.go:688.39,690.15 2 0
github.com/elvisnm/wt/internal/app/update.go:690.15,692.4 1 0
github.com/elvisnm/wt/internal/app/update.go:693.3,695.35 3 0
github.com/elvisnm/wt/internal/app/update.go:695.35,697.4 1 0
github.com/elvisnm/wt/internal/app/update.go:698.3,698.23 1 0
github.com/elvisnm/wt/internal/app/update.go:698.23,704.4 5 0
github.com/elvisnm/wt/internal/app/update.go:705.3,705.16 1 0
github.com/elvisnm/wt/internal/app/update.go:707.36,709.16 2 1
github.com/elvisnm/wt/internal/app/update.go:709.16,714.4 4 1
github.com/elvisnm/wt/internal/app/update.go:715.3,715.16 1 1
github.com/elvisnm/wt/internal/app/update.go:719.2,719.25 1 0
github.com/elvisnm/wt/internal/app/update.go:719.25,722.3 2 0
github.com/elvisnm/wt/internal/app/update.go:725.2,726.15 2 0
github.com/elvisnm/wt/internal/app/update.go:726.15,728.3 1 0
github.com/elvisnm/wt/internal/app/update.go:730.2,730.22 1 0
github.com/elvisnm/wt/internal/app/update.go:731.11,732.26 1 0
github.com/elvisnm/wt/internal/app/update.go:733.11,734.28 1 0
github.com/elvisnm/wt/internal/app/update.go:735.11,736.33 1 0
github.com/elvisnm/wt/internal/app/update.go:737.11,738.26 1 0
github.com/elvisnm/wt/internal/app/update.go:739.11,740.32 1 0
github.com/elvisnm/wt/internal/app/update.go:741.11,742.33 1 0
github.com/elvisnm/wt/internal/app/update.go:742.33,744.4 1 0
github.com/elvisnm/wt/internal/app/update.go:745.11,746.17 1 0
github.com/elvisnm/wt/internal/app/update.go:746.17,747.37 1 0
github.com/elvisnm/wt/internal/app/update.go:747.37,749.5 1 0
github.com/elvisnm/wt/internal/app/update.go:750.4,750.67 1 0
github.com/elvisnm/wt/internal/app/update.go:752.11,753.17 1 0
github.com/elvisnm/wt/internal/app/update.go:753.17,754.37 1 0
github.com/elvisnm/wt/internal/app/update.go:754.37,756.5 1 0
github.com/elvisnm/wt/internal/app/update.go:757.4,757.20 1 0
github.com/elvisnm/wt/internal/app/update.go:757.20,759.5 1 0
github.com/elvisnm/wt/internal/app/update.go:760.4,760.64 1 0
github.com/elvisnm/wt/internal/app/update.go:762.11,763.18 1 0
github.com/elvisnm/wt/internal/app/update.go:763.18,764.37 1 0
github.com/elvisnm/wt/internal/app/update.go:764.37,766.5 1 0
github.com/elvisnm/wt/internal/app/update.go:767.4,767.20 1 0
github.com/elvisnm/wt/internal/app/update.go:767.20,769.5 1 0
github.com/elvisnm/wt/internal/app/update.go:770.4,770.38 1 0
github.com/elvisnm/wt/internal/app/update.go:770.38,772.5 1 0
github.com/elvisnm/wt/internal/app/update.go:774.11,775.32 1 0
github.com/elvisnm/wt/internal/app/update.go:778.2,778.15 1 0
github.com/elvisnm/wt/internal/app/update.go:781.72,784.15 3 0
github.com/elvisnm/wt/internal/app/update.go:784.15,788.21 4 0
github.com/elvisnm/wt/internal/app/update.go:788.21,790.4 1 0
github.com/elvisnm/wt/internal/app/update.go:793.2,793.9 1 0
github.com/elvisnm/wt/internal/app/update.go:794.54,795.27 1 0
github.com/elvisnm/wt/internal/app/update.go:795.27,797.4 1 0
github.com/elvisnm/wt/internal/app/update.go:798.3,798.16 1 0
github.com/elvisnm/wt/internal/app/update.go:799.56,800.36 1 0
github.com/elvisnm/wt/internal/app/update.go:800.36,802.4 1 0
github.com/elvisnm/wt/internal/app/update.go:803.3,803.16 1 0
github.com/elvisnm/wt/internal/app/update.go:806.2,806.15 1 0
github.com/elvisnm/wt/internal/app/update.go:809.73,812.9 2 0
github.com/elvisnm/wt/internal/app/update.go:813.33,814.27 1 0
github.com/elvisnm/wt/internal/app/update.go:814.27,816.59 2 0
github.com/elvisnm/wt/internal/app/update.go:816.59,817.68 1 0
github.com/elvisnm/wt/internal/app/update.go:817.68,819.6 1 0
github.com/elvisnm/wt/internal/app/update.go:822.3,822.16 1 0
github.com/elvisnm/wt/internal/app/update.go:824.35,825.43 1 0
github.com/elvisnm/wt/internal/app/update.go:825.43,827.59 2 0
github.com/elvisnm/wt/internal/app/update.go:827.59,828.68 1 0
github.com/elvisnm/wt/internal/app/update.go:828.68,830.6 1 0
github.com/elvisnm/wt/internal/app/update.go:833.3,833.16 1 0
github.com/elvisnm/wt/internal/app/update.go:835.37,837.15 2 0
github.com/elvisnm/wt/internal/app/update.go:837.15,839.4 1 0
github.com/elvisnm/wt/internal/app/update.go:840.3,841.27 2 0
github.com/elvisnm/wt/internal/app/update.go:841.27,843.4 1 0
github.com/elvisnm/wt/internal/app/update.go:844.3,844.16 1 0
github.com/elvisnm/wt/internal/app/update.go:846.39,848.15 2 0
github.com/elvisnm/wt/internal/app/update.go:848.15,850.4 1 0
github.com/elvisnm/wt/internal/app/update.go:851.3,852.42 2 0
github.com/elvisnm/wt/internal/app/update.go:852.42,854.4 1 0
github.com/elvisnm/wt/internal/app/update.go:855.3,855.27 1 0
github.com/elvisnm/wt/internal/app/update.go:855.27,857.4 1 0
github.com/elvisnm/wt/internal/app/update.go:858.3,858.16 1 0
github.com/elvisnm/wt/internal/app/update.go:860.37,861.31 1 0
github.com/elvisnm/wt/internal/app/update.go:861.31,864.4 2 0
github.com/elvisnm/wt/internal/app/update.go:865.3,866.16 2 0
github.com/elvisnm/wt/internal/app/update.go:868.36,869.93 1 0
github.com/elvisnm/wt/internal/app/update.go:869.93,872.30 2 0
github.com/elvisnm/wt/internal/app/update.go:872.30,874.5 1 0
github.com/elvisnm/wt/internal/app/update.go:875.4,875.66 1 0
github.com/elvisnm/wt/internal/app/update.go:875.66,879.5 2 0
github.com/elvisnm/wt/internal/app/update.go:880.4,880.43 1 0
github.com/elvisnm/wt/internal/app/update.go:882.3,882.16 1 0
github.com/elvisnm/wt/internal/app/update.go:885.2,885.30 1 0
github.com/elvisnm/wt/internal/app/update.go:885.30,887.3 1 0
github.com/elvisnm/wt/internal/app/update.go:889.2,889.22 1 0
github.com/elvisnm/wt/internal/app/update.go:890.11,891.66 1 0
github.com/elvisnm/wt/internal/app/update.go:891.66,895.4 3 0
github.com/elvisnm/wt/internal/app/update.go:896.11,897.29 1 0
github.com/elvisnm/wt/internal/app/update.go:897.29,899.4 1 0
github.com/elvisnm/wt/internal/app/update.go:900.3,900.66 1 0
github.com/elvisnm/wt/internal/app/update.go:900.66,904.4 3 0
github.com/elvisnm/wt/internal/app/update.go:907.2,907.15 1 0
github.com/elvisnm/wt/internal/app/update.go:910.73,913.9 2 0
github.com/elvisnm/wt/internal/app/update.go:914.33,916.16 2 0
github.com/elvisnm/wt/internal/app/update.go:918.35,920.16 2 0
github.com/elvisnm/wt/internal/app/update.go:922.36,924.54 1 0
github.com/elvisnm/wt/internal/app/update.go:924.54,926.4 1 0
github.com/elvisnm/wt/internal/app/update.go:927.3,927.16 1 0
github.com/elvisnm/wt/internal/app/update.go:929.27,931.54 1 0
github.com/elvisnm/wt/internal/app/update.go:931.54,934.4 2 0
github.com/elvisnm/wt/internal/app/update.go:935.3,935.16 1 0
github.com/elvisnm/wt/internal/app/update.go:937.27,939.30 2 0
github.com/elvisnm/wt/internal/app/update.go:939.30,941.4 1 0
github.com/elvisnm/wt/internal/app/update.go:942.3,942.16 1 0
github.com/elvisnm/wt/internal/app/update.go:945.2,945.15 1 0
github.com/elvisnm/wt/internal/app/update.go:948.71,949.9 1 1
github.com/elvisnm/wt/internal/app/update.go:950.65,955.16 5 0
github.com/elvisnm/wt/internal/app/update.go:957.37,959.16 2 1
github.com/elvisnm/wt/internal/app/update.go:961.34,964.16 3 0
github.com/elvisnm/wt/internal/app/update.go:966.33,967.26 1 0
github.com/elvisnm/wt/internal/app/update.go:967.26,969.4 1 0
github.com/elvisnm/wt/internal/app/update.go:970.3,970.16 1 0
github.com/elvisnm/wt/internal/app/update.go:972.35,973.48 1 0
github.com/elvisnm/wt/internal/app/update.go:973.48,975.4 1 0
github.com/elvisnm/wt/internal/app/update.go:976.3,976.16 1 0
github.com/elvisnm/wt/internal/app/update.go:978.36,979.70 1 0
github.com/elvisnm/wt/internal/app/update.go:979.70,983.4 3 0
github.com/elvisnm/wt/internal/app/update.go:984.3,984.16 1 0
github.com/elvisnm/wt/internal/app/update.go:988.2,988.37 1 0
github.com/elvisnm/wt/internal/app/update.go:988.37,989.28 1 0
github.com/elvisnm/wt/internal/app/update.go:989.28,992.4 2 0
github.com/elvisnm/wt/internal/app/update.go:995.2,995.15 1 0
github.com/elvisnm/wt/internal/app/update.go:998.73,999.26 1 0
github.com/elvisnm/wt/internal/app/update.go:1000.16,1001.37 1 0
github.com/elvisnm/wt/internal/app/update.go:1002.25,1003.46 1 0
github.com/elvisnm/wt/internal/app/update.go:1004.20,1005.41 1 0
github.com/elvisnm/wt/internal/app/update.go:1006.10,1007.41 1 0
github.com/elvisnm/wt/internal/app/update.go:1011.79,1013.15 2 0
github.com/elvisnm/wt/internal/app/update.go:1013.15,1015.3 1 0
github.com/elvisnm/wt/internal/app/update.go:1017.2,1017.20 1 0
github.com/elvisnm/wt/internal/app/update.go:1018.11,1019.26 1 0
github.com/elvisnm/wt/internal/app/update.go:1020.11,1021.28 1 0
github.com/elvisnm/wt/internal/app/update.go:1022.11,1023.33 1 0
github.com/elvisnm/wt/internal/app/update.go:1024.11,1025.26 1 0
github.com/elvisnm/wt/internal/app/update.go:1026.11,1027.27 1 0
github.com/elvisnm/wt/internal/app/update.go:1028.11,1029.19 1 0
github.com/elvisnm/wt/internal/app/update.go:1029.19,1031.4 1 0
github.com/elvisnm/wt/internal/app/update.go:1032.11,1033.36 1 0
github.com/elvisnm/wt/internal/app/update.go:1033.36,1035.4 1 0
github.com/elvisnm/wt/internal/app/update.go:1036.3,1036.66 1 0
github.com/elvisnm/wt/internal/app/update.go:1037.11,1038.36 1 0
github.com/elvisnm/wt/internal/app/update.go:1038.36,1040.4 1 0
github.com/elvisnm/wt/internal/app/update.go:1041.3,1041.19 1 0
github.com/elvisnm/wt/internal/app/update.go:1041.19,1043.4 1 0
github.com/elvisnm/wt/internal/app/update.go:1044.3,1044.63 1 0
github.com/elvisnm/wt/internal/app/update.go:1045.11,1046.36 1 0
github.com/elvisnm/wt/internal/app/update.go:1046.36,1048.4 1 0
github.com/elvisnm/wt/internal/app/update.go:1049.3,1049.19 1 0
github.com/elvisnm/wt/internal/app/update.go:1049.19,1051.4 1 0
github.com/elvisnm/wt/internal/app/update.go:1052.3,1052.64 1 0
github.com/elvisnm/wt/internal/app/update.go:1053.11,1054.32 1 0
github.com/elvisnm/wt/internal/app/update.go:1055.11,1056.32 1 0
github.com/elvisnm/wt/internal/app/update.go:1059.2,1059.15 1 0
github.com/elvisnm/wt/internal/app/update.go:1063.65,1070.50 5 0
github.com/elvisnm/wt/internal/app/update.go:1070.50,1073.3 2 0
github.com/elvisnm/wt/internal/app/update.go:1073.8,1075.18 2 0
github.com/elvisnm/wt/internal/app/update.go:1075.18,1077.4 1 0
github.com/elvisnm/wt/internal/app/update.go:1078.3,1079.16 2 0
github.com/elvisnm/wt/internal/app/update.go:1082.2,1084.16 3 0
github.com/elvisnm/wt/internal/app/update.go:1084.16,1088.3 4 0
github.com/elvisnm/wt/internal/app/update.go:1090.2,1093.26 4 0
github.com/elvisnm/wt/internal/app/update.go:1093.26,1095.3 1 0
github.com/elvisnm/wt/internal/app/update.go:1096.2,1096.54 1 0
github.com/elvisnm/wt/internal/app/update.go:1100.67,1109.18 6 0
github.com/elvisnm/wt/internal/app/update.go:1109.18,1110.64 1 0
github.com/elvisnm/wt/internal/app/update.go:1110.64,1112.4 1 0
github.com/elvisnm/wt/internal/app/update.go:1114.2,1118.16 4 0
github.com/elvisnm/wt/internal/app/update.go:1118.16,1122.3 4 0
github.com/elvisnm/wt/internal/app/update.go:1124.2,1127.26 4 0
github.com/elvisnm/wt/internal/app/update.go:1127.26,1129.3 1 0
github.com/elvisnm/wt/internal/app/update.go:1130.2,1130.54 1 0
github.com/elvisnm/wt/internal/app/update.go:1134.72,1138.17 3 0
github.com/elvisnm/wt/internal/app/update.go:1138.17,1140.3 1 0
github.com/elvisnm/wt/internal/app/update.go:1142.2,1144.16 3 0
github.com/elvisnm/wt/internal/app/update.go:1144.16,1148.3 4 0
github.com/elvisnm/wt/internal/app/update.go:1150.2,1153.26 4 0
github.com/elvisnm/wt/internal/app/update.go:1153.26,1155.3 1 0
github.com/elvisnm/wt/internal/app/update.go:1156.2,1156.54 1 0
github.com/elvisnm/wt/internal/app/update.go:1161.65,1162.17 1 0
github.com/elvisnm/wt/internal/app/update.go:1162.17,1166.3 4 0
github.com/elvisnm/wt/internal/app/update.go:1169.2,1170.18 2 0
github.com/elvisnm/wt/internal/app/update.go:1170.18,1171.37 1 0
github.com/elvisnm/wt/internal/app/update.go:1171.37,1173.4 1 0
github.com/elvisnm/wt/internal/app/update.go:1173.9,1175.4 1 0
github.com/elvisnm/wt/internal/app/update.go:1177.2,1177.58 1 0
github.com/elvisnm/wt/internal/app/update.go:1177.58,1178.48 1 0
github.com/elvisnm/wt/internal/app/update.go:1178.48,1182.4 4 0
github.com/elvisnm/wt/internal/app/update.go:1183.3,1183.45 1 0
github.com/elvisnm/wt/internal/app/update.go:1186.2,1193.36 6 0
github.com/elvisnm/wt/internal/app/update.go:1193.36,1196.3 2 0
github.com/elvisnm/wt/internal/app/update.go:1196.8,1200.3 3 0
github.com/elvisnm/wt/internal/app/update.go:1202.2,1203.16 2 0
github.com/elvisnm/wt/internal/app/update.go:1203.16,1207.3 4 0
github.com/elvisnm/wt/internal/app/update.go:1209.2,1212.54 4 0
github.com/elvisnm/wt/internal/app/update.go:1216.68,1221.50 2 0
github.com/elvisnm/wt/internal/app/update.go:1221.50,1222.99 1 0
github.com/elvisnm/wt/internal/app/update.go:1222.99,1223.40 1 0
github.com/elvisnm/wt/internal/app/update.go:1223.40,1225.5 1 0
github.com/elvisnm/wt/internal/app/update.go:1229.2,1241.16 7 0
github.com/elvisnm/wt/internal/app/update.go:1241.16,1246.3 5 0
github.com/elvisnm/wt/internal/app/update.go:1247.2,1252.26 5 0
github.com/elvisnm/wt/internal/app/update.go:1252.26,1254.3 1 0
github.com/elvisnm/wt/internal/app/update.go:1255.2,1255.54 1 0
github.com/elvisnm/wt/internal/app/update.go:1258.95,1261.18 2 0
github.com/elvisnm/wt/internal/app/update.go:1261.18,1262.37 1 0
github.com/elvisnm/wt/internal/app/update.go:1262.37,1264.4 1 0
github.com/elvisnm/wt/internal/app/update.go:1264.9,1266.4 1 0
github.com/elvisnm/wt/internal/app/update.go:1268.2,1268.58 1 0
github.com/elvisnm/wt/internal/app/update.go:1268.58,1269.48 1 0
github.com/elvisnm/wt/internal/app/update.go:1269.48,1273.4 4 0
github.com/elvisnm/wt/internal/app/update.go:1274.3,1274.45 1 0
github.com/elvisnm/wt/internal/app/update.go:1277.2,1284.59 6 0
github.com/elvisnm/wt/internal/app/update.go:1284.59,1287.26 2 0
github.com/elvisnm/wt/internal/app/update.go:1287.26,1290.4 2 0
github.com/elvisnm/wt/internal/app/update.go:1290.9,1294.4 3 0
github.com/elvisnm/wt/internal/app/update.go:1295.8,1295.43 1 0
github.com/elvisnm/wt/internal/app/update.go:1295.43,1297.26 2 0
github.com/elvisnm/wt/internal/app/update.go:1297.26,1300.4 2 0
github.com/elvisnm/wt/internal/app/update.go:1300.9,1303.4 2 0
github.com/elvisnm/wt/internal/app/update.go:1304.8,1307.26 3 0
github.com/elvisnm/wt/internal/app/update.go:1307.26,1310.4 2 0
github.com/elvisnm/wt/internal/app/update.go:1310.9,1313.4 2 0
github.com/elvisnm/wt/internal/app/update.go:1316.2,1317.16 2 0
github.com/elvisnm/wt/internal/app/update.go:1317.16,1321.3 4 0
github.com/elvisnm/wt/internal/app/update.go:1323.2,1326.54 4 0
github.com/elvisnm/wt/internal/app/update.go:1329.112,1332.16 2 0
github.com/elvisnm/wt/internal/app/update.go:1332.16,1333.37 1 0
github.com/elvisnm/wt/internal/app/update.go:1333.37,1335.4 1 0
github.com/elvisnm/wt/internal/app/update.go:1335.9,1337.4 1 0
github.com/elvisnm/wt/internal/app/update.go:1340.2,1340.22 1 0
github.com/elvisnm/wt/internal/app/update.go:1340.22,1342.25 1 0
github.com/elvisnm/wt/internal/app/update.go:1342.25,1344.4 1 0
github.com/elvisnm/wt/internal/app/update.go:1347.2,1347.24 1 0
github.com/elvisnm/wt/internal/app/update.go:1347.24,1349.28 2 0
github.com/elvisnm/wt/internal/app/update.go:1349.28,1351.4 1 0
github.com/elvisnm/wt/internal/app/update.go:1353.3,1355.37 3 0
github.com/elvisnm/wt/internal/app/update.go:1355.37,1357.4 1 0
github.com/elvisnm/wt/internal/app/update.go:1357.9,1359.4 1 0
github.com/elvisnm/wt/internal/app/update.go:1360.3,1360.48 1 0
github.com/elvisnm/wt/internal/app/update.go:1364.53,1368.2 3 0
github.com/elvisnm/wt/internal/app/update.go:1370.64,1374.2 3 0
github.com/elvisnm/wt/internal/app/update.go:1376.33,1378.45 2 0
github.com/elvisnm/wt/internal/app/update.go:1378.45,1380.3 1 0
github.com/elvisnm/wt/internal/app/update.go:1381.2,1381.10 1 0
github.com/elvisnm/wt/internal/app/update.go:1384.43,1386.15 2 0
github.com/elvisnm/wt/internal/app/update.go:1386.15,1389.3 2 0
github.com/elvisnm/wt/internal/app/update.go:1390.2,1390.17 1 0
github.com/elvisnm/wt/internal/app/update.go:1390.17,1393.3 2 0
github.com/elvisnm/wt/internal/app/update.go:1394.2,1395.36 2 0
github.com/elvisnm/wt/internal/app/update.go:1395.36,1397.3 1 0
github.com/elvisnm/wt/internal/app/update.go:1398.2,1398.45 1 0
github.com/elvisnm/wt/internal/app/update.go:1403.44,1404.29 1 0
github.com/elvisnm/wt/internal/app/update.go:1404.29,1406.27 2 0
github.com/elvisnm/wt/internal/app/update.go:1406.27,1408.4 1 0
github.com/elvisnm/wt/internal/app/update.go:1413.46,1417.2 3 0
github.com/elvisnm/wt/internal/app/update.go:1419.55,1420.45 1 0
[...]
github.com/elvisnm/wt/main.go:727.64,731.20 2 0
github.com/elvisnm/wt/main.go:731.20,733.3 1 0
github.com/elvisnm/wt/main.go:734.2,734.13 1 0
github.com/elvisnm/wt/main.go:739.65,743.17 3 0
github.com/elvisnm/wt/main.go:743.17,746.17 3 0
github.com/elvisnm/wt/main.go:746.17,748.4 1 0
github.com/elvisnm/wt/main.go:749.3,749.132 1 0
github.com/elvisnm/wt/main.go:750.8,752.3 1 0
github.com/elvisnm/wt/main.go:755.2,760.26 4 0
github.com/elvisnm/wt/main.go:760.26,761.35 1 0
github.com/elvisnm/wt/main.go:761.35,763.4 1 0
github.com/elvisnm/wt/main.go:765.2,766.18 2 0
github.com/elvisnm/wt/main.go:766.18,768.3 1 0
github.com/elvisnm/wt/main.go:769.2,771.26 2 0
github.com/elvisnm/wt/main.go:771.26,774.3 2 0
github.com/elvisnm/wt/main.go:776.2,777.12 2 0
github.com/elvisnm/wt/main.go:781.27,785.21 3 0
github.com/elvisnm/wt/main.go:785.21,787.3 1 0
github.com/elvisnm/wt/main.go:789.2,853.31 10 0
github.com/elvisnm/wt/main.go:853.31,855.3 1 0
github.com/elvisnm/wt/main.go:858.2,860.16 3 0
github.com/elvisnm/wt/main.go:860.16,862.3 1 0
github.com/elvisnm/wt/main.go:865.2,866.17 2 0
github.com/elvisnm/wt/main.go:866.17,868.3 1 0
github.com/elvisnm/wt/main.go:869.2,872.30 3 0
github.com/elvisnm/wt/main.go:872.30,874.3 1 0
github.com/elvisnm/wt/main.go:875.2,875.26 1 0
github.com/elvisnm/wt/main.go:875.26,877.3 1 0
github.com/elvisnm/wt/main.go:879.2,879.35 1 0
github.com/elvisnm/wt/main.go:884.20,889.22 3 0
github.com/elvisnm/wt/main.go:889.22,891.3 1 0
github.com/elvisnm/wt/main.go:892.2,897.34 3 0
github.com/elvisnm/wt/main.go:902.17,913.16 6 0
github.com/elvisnm/wt/main.go:913.16,916.3 2 0
github.com/elvisnm/wt/main.go:920.26,924.21 3 0
github.com/elvisnm/wt/main.go:924.21,926.3 1 0
github.com/elvisnm/wt/main.go:928.2,1002.31 11 0
github.com/elvisnm/wt/main.go:1002.31,1004.3 1 0
github.com/elvisnm/wt/main.go:1007.2,1009.16 3 0
github.com/elvisnm/wt/main.go:1009.16,1011.3 1 0
github.com/elvisnm/wt/main.go:1014.2,1015.17 2 0
github.com/elvisnm/wt/main.go:1015.17,1017.3 1 0
github.com/elvisnm/wt/main.go:1018.2,1021.30 3 0
github.com/elvisnm/wt/main.go:1021.30,1023.3 1 0
github.com/elvisnm/wt/main.go:1024.2,1024.26 1 0
github.com/elvisnm/wt/main.go:1024.26,1026.3 1 0
github.com/elvisnm/wt/main.go:1028.2,1028.35 1 0
github.com/elvisnm/wt/main.go:1032.16,1041.16 6 0
github.com/elvisnm/wt/main.go:1041.16,1044.3 2 0
github.com/elvisnm/wt/main.go:1047.18,1082.2 1 0
github.com/elvisnm/wt/internal/cmdutil/cmdutil.go:10.58,13.16 3 0
github.com/elvisnm/wt/internal/cmdutil/cmdutil.go:13.16,15.3 1 0
github.com/elvisnm/wt/internal/cmdutil/cmdutil.go:16.2,16.44 1 0
github.com/elvisnm/wt/internal/cmdutil/cmdutil.go:20.58,22.48 2 0
github.com/elvisnm/wt/internal/cmdutil/cmdutil.go:22.48,24.17 2 0
github.com/elvisnm/wt/internal/cmdutil/cmdutil.go:24.17,25.12 1 0
github.com/elvisnm/wt/internal/cmdutil/cmdutil.go:27.3,28.61 2 0
github.com/elvisnm/wt/internal/cmdutil/cmdutil.go:28.61,30.4 1 0
github.com/elvisnm/wt/internal/cmdutil/cmdutil.go:32.2,32.16 1 0
github.com/elvisnm/wt/internal/cmdutil/cmdutil.go:36.73,37.27 1 0
github.com/elvisnm/wt/internal/cmdutil/cmdutil.go:37.27,38.29 1 0
github.com/elvisnm/wt/internal/cmdutil/cmdutil.go:38.29,39.31 1 0
github.com/elvisnm/wt/internal/cmdutil/cmdutil.go:39.31,41.5 1 0
github.com/elvisnm/wt/internal/cmdutil/cmdutil.go:44.2,44.11 1 0
github.com/elvisnm/wt/internal/labels/labels.go:36.39,38.2 1 0
github.com/elvisnm/wt/internal/sentinel/sentinel.go:25.32,28.16 3 0
github.com/elvisnm/wt/internal/sentinel/sentinel.go:28.16,30.3 1 0
github.com/elvisnm/wt/internal/sentinel/sentinel.go:31.2,37.47 5 0
github.com/elvisnm/wt/internal/sentinel/sentinel.go:41.25,43.2 1 0
github.com/elvisnm/wt/internal/sentinel/sentinel.go:46.31,49.2 2 0
github.com/elvisnm/wt/internal/sentinel/sentinel.go:52.40,54.2 1 0
github.com/elvisnm/wt/internal/terminal/manager.go:24.28,29.2 1 0
github.com/elvisnm/wt/internal/terminal/manager.go:33.56,38.2 1 0
github.com/elvisnm/wt/internal/terminal/manager.go:42.51,46.2 3 0
github.com/elvisnm/wt/internal/terminal/manager.go:49.46,53.2 3 0
github.com/elvisnm/wt/internal/terminal/manager.go:56.42,58.2 1 0
github.com/elvisnm/wt/internal/terminal/manager.go:63.121,64.44 1 0
github.com/elvisnm/wt/internal/terminal/manager.go:64.44,66.3 1 0
github.com/elvisnm/wt/internal/terminal/manager.go:68.2,74.16 6 0
github.com/elvisnm/wt/internal/terminal/manager.go:74.16,76.3 1 0
github.com/elvisnm/wt/internal/terminal/manager.go:78.2,84.15 6 0
github.com/elvisnm/wt/internal/terminal/manager.go:84.15,86.3 1 0
github.com/elvisnm/wt/internal/terminal/manager.go:88.2,88.15 1 0
github.com/elvisnm/wt/internal/terminal/manager.go:94.124,97.33 3 0
github.com/elvisnm/wt/internal/terminal/manager.go:97.33,98.131 1 0
github.com/elvisnm/wt/internal/terminal/manager.go:98.131,100.4 1 0
github.com/elvisnm/wt/internal/terminal/manager.go:102.2,103.15 2 0
github.com/elvisnm/wt/internal/terminal/manager.go:103.15,105.3 1 0
github.com/elvisnm/wt/internal/terminal/manager.go:106.2,111.16 5 0
github.com/elvisnm/wt/internal/terminal/manager.go:111.16,113.3 1 0
github.com/elvisnm/wt/internal/terminal/manager.go:115.2,121.15 6 0
github.com/elvisnm/wt/internal/terminal/manager.go:121.15,123.3 1 0
github.com/elvisnm/wt/internal/terminal/manager.go:125.2,125.15 1 0
github.com/elvisnm/wt/internal/terminal/manager.go:131.57,135.33 3 0
github.com/elvisnm/wt/internal/terminal/manager.go:135.33,136.38 1 0
github.com/elvisnm/wt/internal/terminal/manager.go:136.38,140.40 3 0
github.com/elvisnm/wt/internal/terminal/manager.go:140.40,142.52 2 0
github.com/elvisnm/wt/internal/terminal/manager.go:142.52,144.6 1 0
github.com/elvisnm/wt/internal/terminal/manager.go:145.5,145.45 1 0
github.com/elvisnm/wt/internal/terminal/manager.go:148.4,148.12 1 0
github.com/elvisnm/wt/internal/terminal/manager.go:151.2,151.12 1 0
github.com/elvisnm/wt/internal/terminal/manager.go:157.52,161.41 3 0
github.com/elvisnm/wt/internal/terminal/manager.go:161.41,163.3 1 0
github.com/elvisnm/wt/internal/terminal/manager.go:165.2,168.40 3 0
github.com/elvisnm/wt/internal/terminal/manager.go:168.40,170.50 2 0
github.com/elvisnm/wt/internal/terminal/manager.go:170.50,172.4 1 0
github.com/elvisnm/wt/internal/terminal/manager.go:173.3,173.59 1 0
github.com/elvisnm/wt/internal/terminal/manager.go:176.2,176.26 1 0
github.com/elvisnm/wt/internal/terminal/manager.go:180.49,184.33 3 0
github.com/elvisnm/wt/internal/terminal/manager.go:184.33,185.23 1 0
github.com/elvisnm/wt/internal/terminal/manager.go:185.23,187.4 1 0
github.com/elvisnm/wt/internal/terminal/manager.go:189.2,189.14 1 0
github.com/elvisnm/wt/internal/terminal/manager.go:193.53,197.33 3 0
github.com/elvisnm/wt/internal/terminal/manager.go:197.33,198.23 1 0
github.com/elvisnm/wt/internal/terminal/manager.go:198.23,200.4 1 0
github.com/elvisnm/wt/internal/terminal/manager.go:202.2,202.14 1 0
github.com/elvisnm/wt/internal/terminal/manager.go:206.39,210.28 3 0
github.com/elvisnm/wt/internal/terminal/manager.go:210.28,212.3 1 0
github.com/elvisnm/wt/internal/terminal/manager.go:213.2,213.63 1 0
github.com/elvisnm/wt/internal/terminal/manager.go:213.63,215.3 1 0
github.com/elvisnm/wt/internal/terminal/manager.go:216.2,216.37 1 0
github.com/elvisnm/wt/internal/terminal/manager.go:220.39,224.2 3 0
github.com/elvisnm/wt/internal/terminal/manager.go:227.43,233.2 5 0
github.com/elvisnm/wt/internal/terminal/manager.go:236.33,240.2 3 0
github.com/elvisnm/wt/internal/terminal/manager.go:244.31,247.28 3 0
github.com/elvisnm/wt/internal/terminal/manager.go:247.28,249.3 1 0
github.com/elvisnm/wt/internal/terminal/manager.go:250.2,253.22 3 0
github.com/elvisnm/wt/internal/terminal/manager.go:253.22,258.3 1 0
github.com/elvisnm/wt/internal/terminal/manager.go:263.31,266.28 3 0
github.com/elvisnm/wt/internal/terminal/manager.go:266.28,268.3 1 0
github.com/elvisnm/wt/internal/terminal/manager.go:269.2,272.22 3 0
github.com/elvisnm/wt/internal/terminal/manager.go:272.22,277.3 1 0
github.com/elvisnm/wt/internal/terminal/manager.go:282.40,285.28 2 0
github.com/elvisnm/wt/internal/terminal/manager.go:285.28,288.3 2 0
github.com/elvisnm/wt/internal/terminal/manager.go:290.2,294.15 3 0
github.com/elvisnm/wt/internal/terminal/manager.go:294.15,296.3 1 0
github.com/elvisnm/wt/internal/terminal/manager.go:298.2,302.63 3 0
github.com/elvisnm/wt/internal/terminal/manager.go:302.63,304.3 1 0
github.com/elvisnm/wt/internal/terminal/manager.go:306.2,309.27 2 0
github.com/elvisnm/wt/internal/terminal/manager.go:309.27,311.3 1 0
github.com/elvisnm/wt/internal/terminal/manager.go:313.2,314.17 2 0
github.com/elvisnm/wt/internal/terminal/manager.go:319.48,323.33 3 0
github.com/elvisnm/wt/internal/terminal/manager.go:323.33,324.23 1 0
github.com/elvisnm/wt/internal/terminal/manager.go:324.23,329.31 3 0
github.com/elvisnm/wt/internal/terminal/manager.go:329.31,331.5 1 0
github.com/elvisnm/wt/internal/terminal/manager.go:333.4,334.65 2 0
github.com/elvisnm/wt/internal/terminal/manager.go:334.65,336.5 1 0
github.com/elvisnm/wt/internal/terminal/manager.go:339.4,339.56 1 0
github.com/elvisnm/wt/internal/terminal/manager.go:339.56,341.5 1 0
github.com/elvisnm/wt/internal/terminal/manager.go:344.4,346.10 2 0
github.com/elvisnm/wt/internal/terminal/manager.go:353.59,356.33 3 0
github.com/elvisnm/wt/internal/terminal/manager.go:356.33,357.57 1 0
github.com/elvisnm/wt/internal/terminal/manager.go:357.57,359.4 1 0
github.com/elvisnm/wt/internal/terminal/manager.go:361.2,363.36 2 0
github.com/elvisnm/wt/internal/terminal/manager.go:363.36,365.3 1 0
github.com/elvisnm/wt/internal/terminal/manager.go:366.2,366.29 1 0
github.com/elvisnm/wt/internal/terminal/manager.go:371.42,373.2 1 0
github.com/elvisnm/wt/internal/terminal/manager.go:376.32,384.29 7 0
github.com/elvisnm/wt/internal/terminal/manager.go:384.29,386.3 1 0
github.com/elvisnm/wt/internal/terminal/manager.go:388.2,388.19 1 0
github.com/elvisnm/wt/internal/terminal/manager.go:392.44,395.33 3 0
github.com/elvisnm/wt/internal/terminal/manager.go:395.33,396.18 1 0
github.com/elvisnm/wt/internal/terminal/manager.go:396.18,398.4 1 0
github.com/elvisnm/wt/internal/terminal/manager.go:400.2,400.14 1 0
github.com/elvisnm/wt/internal/terminal/manager.go:404.44,409.33 4 0
github.com/elvisnm/wt/internal/terminal/manager.go:409.33,416.3 1 0
github.com/elvisnm/wt/internal/terminal/manager.go:417.2,417.15 1 0
github.com/elvisnm/wt/internal/terminal/manager.go:428.35,430.14 2 0
github.com/elvisnm/wt/internal/terminal/manager.go:430.14,432.3 1 0
github.com/elvisnm/wt/internal/terminal/manager.go:433.2,433.58 1 0
github.com/elvisnm/wt/internal/terminal/panes.go:23.90,24.38 1 1
github.com/elvisnm/wt/internal/terminal/panes.go:24.38,26.3 1 0
github.com/elvisnm/wt/internal/terminal/panes.go:27.2,31.20 3 1
github.com/elvisnm/wt/internal/terminal/panes.go:31.20,33.3 1 0
github.com/elvisnm/wt/internal/terminal/panes.go:36.2,39.16 2 1
github.com/elvisnm/wt/internal/terminal/panes.go:39.16,41.3 1 0
github.com/elvisnm/wt/internal/terminal/panes.go:44.2,48.8 2 1
github.com/elvisnm/wt/internal/terminal/panes.go:53.52,57.2 1 1
github.com/elvisnm/wt/internal/terminal/panes.go:62.43,80.26 7 1
github.com/elvisnm/wt/internal/terminal/panes.go:80.26,83.3 2 1
github.com/elvisnm/wt/internal/terminal/panes.go:90.2,92.23 1 1
github.com/elvisnm/wt/internal/terminal/panes.go:98.50,103.25 3 1
github.com/elvisnm/wt/internal/terminal/panes.go:103.25,105.3 1 1
github.com/elvisnm/wt/internal/terminal/panes.go:107.2,107.18 1 1
github.com/elvisnm/wt/internal/terminal/panes.go:107.18,110.3 2 1
github.com/elvisnm/wt/internal/terminal/panes.go:113.2,117.46 3 1
github.com/elvisnm/wt/internal/terminal/panes.go:122.39,126.25 3 1
github.com/elvisnm/wt/internal/terminal/panes.go:126.25,128.3 1 0
github.com/elvisnm/wt/internal/terminal/panes.go:130.2,132.46 3 1
github.com/elvisnm/wt/internal/terminal/panes.go:137.64,141.30 3 1
github.com/elvisnm/wt/internal/terminal/panes.go:141.30,143.3 1 1
github.com/elvisnm/wt/internal/terminal/panes.go:146.2,146.23 1 1
github.com/elvisnm/wt/internal/terminal/panes.go:146.23,148.3 1 1
github.com/elvisnm/wt/internal/terminal/panes.go:151.2,151.21 1 1
github.com/elvisnm/wt/internal/terminal/panes.go:151.21,153.3 1 1
github.com/elvisnm/wt/internal/terminal/panes.go:155.2,158.46 2 1
github.com/elvisnm/wt/internal/terminal/panes.go:162.45,166.2 3 1
github.com/elvisnm/wt/internal/terminal/panes.go:169.47,173.2 3 1
github.com/elvisnm/wt/internal/terminal/panes.go:176.35,178.2 1 1
github.com/elvisnm/wt/internal/terminal/panes.go:182.37,185.16 2 1
github.com/elvisnm/wt/internal/terminal/panes.go:185.16,187.3 1 0
github.com/elvisnm/wt/internal/terminal/panes.go:188.2,188.35 1 1
github.com/elvisnm/wt/internal/terminal/panes.go:188.35,190.3 1 1
github.com/elvisnm/wt/internal/terminal/panes.go:194.39,196.16 2 1
github.com/elvisnm/wt/internal/terminal/panes.go:196.16,198.3 1 0
github.com/elvisnm/wt/internal/terminal/panes.go:199.2,199.38 1 1
github.com/elvisnm/wt/internal/terminal/panes.go:203.36,205.2 1 0
github.com/elvisnm/wt/internal/terminal/panes.go:208.35,210.2 1 0
github.com/elvisnm/wt/internal/terminal/panes.go:213.56,218.16 2 1
github.com/elvisnm/wt/internal/terminal/panes.go:218.16,220.3 1 0
github.com/elvisnm/wt/internal/terminal/panes.go:222.2,224.32 3 1
github.com/elvisnm/wt/internal/terminal/panes.go:224.32,226.3 1 0
github.com/elvisnm/wt/internal/terminal/panes.go:227.2,227.13 1 1
github.com/elvisnm/wt/internal/terminal/panes.go:232.59,240.2 7 1
github.com/elvisnm/wt/internal/terminal/panes.go:244.76,245.20 1 0
github.com/elvisnm/wt/internal/terminal/panes.go:245.20,247.3 1 0
github.com/elvisnm/wt/internal/terminal/panes.go:248.2,248.21 1 0
github.com/elvisnm/wt/internal/terminal/panes.go:248.21,250.3 1 0
github.com/elvisnm/wt/internal/terminal/panes.go:252.2,258.3 1 0
github.com/elvisnm/wt/internal/terminal/panes.go:262.50,264.2 1 0
github.com/elvisnm/wt/internal/terminal/panes.go:267.44,269.2 1 0
github.com/elvisnm/wt/internal/terminal/session.go:30.61,32.19 2 1
github.com/elvisnm/wt/internal/terminal/session.go:32.19,34.26 2 1
github.com/elvisnm/wt/internal/terminal/session.go:34.26,35.43 1 1
github.com/elvisnm/wt/internal/terminal/session.go:35.43,37.5 1 1
github.com/elvisnm/wt/internal/terminal/session.go:37.10,39.5 1 1
github.com/elvisnm/wt/internal/terminal/session.go:41.3,41.47 1 1
github.com/elvisnm/wt/internal/terminal/session.go:43.2,43.18 1 1
github.com/elvisnm/wt/internal/terminal/session.go:49.140,50.51 1 1
github.com/elvisnm/wt/internal/terminal/session.go:50.51,52.3 1 0
github.com/elvisnm/wt/internal/terminal/session.go:54.2,64.15 5 1
github.com/elvisnm/wt/internal/terminal/session.go:64.15,66.3 1 0
github.com/elvisnm/wt/internal/terminal/session.go:67.2,70.16 3 1
github.com/elvisnm/wt/internal/terminal/session.go:70.16,71.96 1 0
github.com/elvisnm/wt/internal/terminal/session.go:71.96,73.4 1 0
github.com/elvisnm/wt/internal/terminal/session.go:74.3,74.69 1 0
github.com/elvisnm/wt/internal/terminal/session.go:78.2,82.97 3 1
github.com/elvisnm/wt/internal/terminal/session.go:82.97,84.3 1 1
github.com/elvisnm/wt/internal/terminal/session.go:87.2,106.15 4 1
github.com/elvisnm/wt/internal/terminal/session.go:113.34,119.21 4 1
github.com/elvisnm/wt/internal/terminal/session.go:119.21,121.15 2 1
github.com/elvisnm/wt/internal/terminal/session.go:121.15,124.4 2 1
github.com/elvisnm/wt/internal/terminal/session.go:125.3,130.22 3 1
github.com/elvisnm/wt/internal/terminal/session.go:130.22,132.4 1 1
github.com/elvisnm/wt/internal/terminal/session.go:133.3,137.17 2 1
github.com/elvisnm/wt/internal/terminal/session.go:137.17,143.4 4 0
github.com/elvisnm/wt/internal/terminal/session.go:145.3,146.43 2 1
github.com/elvisnm/wt/internal/terminal/session.go:146.43,149.24 2 1
github.com/elvisnm/wt/internal/terminal/session.go:149.24,151.5 1 1
github.com/elvisnm/wt/internal/terminal/session.go:152.4,156.10 5 1
github.com/elvisnm/wt/internal/terminal/session.go:162.45,168.2 1 1
github.com/elvisnm/wt/internal/terminal/session.go:171.34,175.2 3 1
github.com/elvisnm/wt/internal/terminal/session.go:178.35,180.2 1 1
github.com/elvisnm/wt/internal/terminal/session.go:184.71,194.18 7 0
github.com/elvisnm/wt/internal/terminal/session.go:194.18,196.3 1 0
github.com/elvisnm/wt/internal/terminal/session.go:197.2,198.15 2 0
github.com/elvisnm/wt/internal/terminal/session.go:198.15,200.3 1 0
github.com/elvisnm/wt/internal/terminal/session.go:201.2,202.31 2 0
github.com/elvisnm/wt/internal/terminal/session.go:206.27,212.19 5 1
github.com/elvisnm/wt/internal/terminal/session.go:212.19,214.3 1 1
github.com/elvisnm/wt/internal/terminal/session.go:217.2,217.9 1 1
github.com/elvisnm/wt/internal/terminal/session.go:218.16,218.16 0 1
github.com/elvisnm/wt/internal/terminal/session.go:219.44,219.44 0 0
github.com/elvisnm/wt/internal/terminal/tmux.go:27.24,29.16 2 1
github.com/elvisnm/wt/internal/terminal/tmux.go:29.16,30.23 1 0
github.com/elvisnm/wt/internal/terminal/tmux.go:31.17,32.94 1 0
github.com/elvisnm/wt/internal/terminal/tmux.go:33.16,34.189 1 0
github.com/elvisnm/wt/internal/terminal/tmux.go:35.11,36.110 1 0
github.com/elvisnm/wt/internal/terminal/tmux.go:39.2,39.12 1 1
github.com/elvisnm/wt/internal/terminal/tmux.go:44.34,46.16 2 1
github.com/elvisnm/wt/internal/terminal/tmux.go:46.16,48.3 1 0
github.com/elvisnm/wt/internal/terminal/tmux.go:49.2,61.11 6 1
github.com/elvisnm/wt/internal/terminal/tmux.go:66.51,71.2 1 1
github.com/elvisnm/wt/internal/terminal/tmux.go:74.39,76.2 1 1
github.com/elvisnm/wt/internal/terminal/tmux.go:79.40,83.2 3 0
github.com/elvisnm/wt/internal/terminal/tmux.go:90.62,94.16 3 1
github.com/elvisnm/wt/internal/terminal/tmux.go:94.16,96.3 1 1
github.com/elvisnm/wt/internal/terminal/tmux.go:98.2,98.16 1 1
github.com/elvisnm/wt/internal/terminal/tmux.go:98.16,100.3 1 1
github.com/elvisnm/wt/internal/terminal/tmux.go:101.2,101.17 1 1
github.com/elvisnm/wt/internal/terminal/tmux.go:101.17,103.3 1 1
github.com/elvisnm/wt/internal/terminal/tmux.go:106.2,108.16 2 1
github.com/elvisnm/wt/internal/terminal/tmux.go:108.16,111.17 2 0
github.com/elvisnm/wt/internal/terminal/tmux.go:111.17,113.4 1 0
github.com/elvisnm/wt/internal/terminal/tmux.go:117.2,131.31 2 1
github.com/elvisnm/wt/internal/terminal/tmux.go:131.31,133.3 1 1
github.com/elvisnm/wt/internal/terminal/tmux.go:138.2,142.44 5 1
github.com/elvisnm/wt/internal/terminal/tmux.go:142.44,145.3 1 0
github.com/elvisnm/wt/internal/terminal/tmux.go:147.2,148.12 2 1
github.com/elvisnm/wt/internal/terminal/tmux.go:153.59,157.2 3 1
github.com/elvisnm/wt/internal/terminal/tmux.go:160.66,168.2 6 1
github.com/elvisnm/wt/internal/terminal/tmux.go:173.43,177.54 3 0
github.com/elvisnm/wt/internal/terminal/tmux.go:177.54,181.3 3 0
github.com/elvisnm/wt/internal/terminal/tmux.go:186.55,189.2 2 0
github.com/elvisnm/wt/internal/terminal/tmux.go:192.30,196.17 3 1
github.com/elvisnm/wt/internal/terminal/tmux.go:196.17,198.3 1 1
github.com/elvisnm/wt/internal/terminal/tmux.go:201.2,201.54 1 1
github.com/elvisnm/wt/internal/terminal/tmux.go:201.54,205.3 3 1
github.com/elvisnm/wt/internal/terminal/tmux.go:208.2,209.20 2 1
github.com/elvisnm/wt/internal/terminal/tmux.go:214.47,216.16 2 1
github.com/elvisnm/wt/internal/terminal/tmux.go:216.16,218.3 1 0
github.com/elvisnm/wt/internal/terminal/tmux.go:220.2,220.28 1 1
github.com/elvisnm/wt/internal/terminal/tmux.go:220.28,222.38 2 1
github.com/elvisnm/wt/internal/terminal/tmux.go:222.38,223.12 1 0
github.com/elvisnm/wt/internal/terminal/tmux.go:226.3,228.17 3 1
github.com/elvisnm/wt/internal/terminal/tmux.go:228.17,229.12 1 0
github.com/elvisnm/wt/internal/terminal/tmux.go:233.3,233.25 1 1
github.com/elvisnm/wt/internal/terminal/tmux.go:233.25,234.12 1 0
github.com/elvisnm/wt/internal/terminal/tmux.go:238.3,238.25 1 1
github.com/elvisnm/wt/internal/terminal/tmux.go:238.25,239.12 1 0
github.com/elvisnm/wt/internal/terminal/tmux.go:243.3,247.48 3 1
github.com/elvisnm/wt/internal/terminal/tmux.go:252.34,254.16 2 1
github.com/elvisnm/wt/internal/terminal/tmux.go:254.16,256.3 1 0
github.com/elvisnm/wt/internal/terminal/tmux.go:258.2,258.43 1 1
